{"C:\\Users\\Karl\\OneDrive\\Desktop\\ClassFlow\\frontend\\src\\api\\axios.js": {"path":"C:\\Users\\Karl\\OneDrive\\Desktop\\ClassFlow\\frontend\\src\\api\\axios.js","statementMap":{"0":{"start":{"line":3,"column":12},"end":{"line":6,"column":2}},"1":{"start":{"line":10,"column":21},"end":{"line":10,"column":25}},"2":{"start":{"line":12,"column":0},"end":{"line":47,"column":2}},"3":{"start":{"line":13,"column":16},"end":{"line":13,"column":24}},"4":{"start":{"line":16,"column":28},"end":{"line":16,"column":40}},"5":{"start":{"line":18,"column":4},"end":{"line":20,"column":5}},"6":{"start":{"line":19,"column":6},"end":{"line":19,"column":35}},"7":{"start":{"line":22,"column":4},"end":{"line":43,"column":5}},"8":{"start":{"line":26,"column":6},"end":{"line":26,"column":36}},"9":{"start":{"line":28,"column":6},"end":{"line":42,"column":7}},"10":{"start":{"line":29,"column":8},"end":{"line":31,"column":9}},"11":{"start":{"line":30,"column":10},"end":{"line":30,"column":53}},"12":{"start":{"line":33,"column":8},"end":{"line":33,"column":29}},"13":{"start":{"line":35,"column":8},"end":{"line":35,"column":30}},"14":{"start":{"line":37,"column":8},"end":{"line":37,"column":36}},"15":{"start":{"line":39,"column":8},"end":{"line":39,"column":30}},"16":{"start":{"line":41,"column":8},"end":{"line":41,"column":44}},"17":{"start":{"line":45,"column":4},"end":{"line":45,"column":33}}},"fnMap":{"0":{"name":"(anonymous_0)","decl":{"start":{"line":13,"column":2},"end":{"line":13,"column":3}},"loc":{"start":{"line":13,"column":16},"end":{"line":13,"column":24}},"line":13},"1":{"name":"(anonymous_1)","decl":{"start":{"line":15,"column":2},"end":{"line":15,"column":7}},"loc":{"start":{"line":15,"column":19},"end":{"line":46,"column":3}},"line":15}},"branchMap":{"0":{"loc":{"start":{"line":18,"column":4},"end":{"line":20,"column":5}},"type":"if","locations":[{"start":{"line":18,"column":4},"end":{"line":20,"column":5}},{"start":{},"end":{}}],"line":18},"1":{"loc":{"start":{"line":22,"column":4},"end":{"line":43,"column":5}},"type":"if","locations":[{"start":{"line":22,"column":4},"end":{"line":43,"column":5}},{"start":{},"end":{}}],"line":22},"2":{"loc":{"start":{"line":23,"column":6},"end":{"line":24,"column":52}},"type":"binary-expr","locations":[{"start":{"line":23,"column":6},"end":{"line":23,"column":36}},{"start":{"line":24,"column":6},"end":{"line":24,"column":52}}],"line":23},"3":{"loc":{"start":{"line":29,"column":8},"end":{"line":31,"column":9}},"type":"if","locations":[{"start":{"line":29,"column":8},"end":{"line":31,"column":9}},{"start":{},"end":{}}],"line":29}},"s":{"0":3,"1":3,"2":3,"3":0,"4":0,"5":0,"6":0,"7":0,"8":0,"9":0,"10":0,"11":0,"12":0,"13":0,"14":0,"15":0,"16":0,"17":0},"f":{"0":0,"1":0},"b":{"0":[0,0],"1":[0,0],"2":[0,0],"3":[0,0]},"meta":{"lastBranch":4,"lastFunction":2,"lastStatement":18,"seen":{"s:3:12:6:2":0,"s:10:21:10:25":1,"s:12:0:47:2":2,"f:13:2:13:3":0,"s:13:16:13:24":3,"f:15:2:15:7":1,"s:16:28:16:40":4,"b:18:4:20:5:undefined:undefined:undefined:undefined":0,"s:18:4:20:5":5,"s:19:6:19:35":6,"b:22:4:43:5:undefined:undefined:undefined:undefined":1,"s:22:4:43:5":7,"b:23:6:23:36:24:6:24:52":2,"s:26:6:26:36":8,"s:28:6:42:7":9,"b:29:8:31:9:undefined:undefined:undefined:undefined":3,"s:29:8:31:9":10,"s:30:10:30:53":11,"s:33:8:33:29":12,"s:35:8:35:30":13,"s:37:8:37:36":14,"s:39:8:39:30":15,"s:41:8:41:44":16,"s:45:4:45:33":17},"fnNames":{}}}
,"C:\\Users\\Karl\\OneDrive\\Desktop\\ClassFlow\\frontend\\src\\components\\ConfirmDeleteModal.jsx": {"path":"C:\\Users\\Karl\\OneDrive\\Desktop\\ClassFlow\\frontend\\src\\components\\ConfirmDeleteModal.jsx","statementMap":{"0":{"start":{"line":13,"column":48},"end":{"line":13,"column":null}},"1":{"start":{"line":14,"column":27},"end":{"line":14,"column":null}},"2":{"start":{"line":16,"column":2},"end":{"line":18,"column":null}},"3":{"start":{"line":17,"column":4},"end":{"line":17,"column":null}},"4":{"start":{"line":20,"column":2},"end":{"line":99,"column":null}},"5":{"start":{"line":25,"column":8},"end":{"line":27,"column":null}},"6":{"start":{"line":26,"column":10},"end":{"line":26,"column":null}},"7":{"start":{"line":72,"column":33},"end":{"line":72,"column":null}}},"fnMap":{"0":{"name":"ConfirmDeleteModal","decl":{"start":{"line":4,"column":9},"end":{"line":4,"column":28}},"loc":{"start":{"line":12,"column":3},"end":{"line":101,"column":null}},"line":12},"1":{"name":"(anonymous_1)","decl":{"start":{"line":24,"column":19},"end":{"line":24,"column":20}},"loc":{"start":{"line":24,"column":30},"end":{"line":28,"column":null}},"line":24},"2":{"name":"(anonymous_2)","decl":{"start":{"line":72,"column":22},"end":{"line":72,"column":23}},"loc":{"start":{"line":72,"column":33},"end":{"line":72,"column":null}},"line":72}},"branchMap":{"0":{"loc":{"start":{"line":7,"column":2},"end":{"line":7,"column":null}},"type":"default-arg","locations":[{"start":{"line":7,"column":14},"end":{"line":7,"column":null}}],"line":7},"1":{"loc":{"start":{"line":16,"column":2},"end":{"line":18,"column":null}},"type":"if","locations":[{"start":{"line":16,"column":2},"end":{"line":18,"column":null}},{"start":{},"end":{}}],"line":16},"2":{"loc":{"start":{"line":25,"column":8},"end":{"line":27,"column":null}},"type":"if","locations":[{"start":{"line":25,"column":8},"end":{"line":27,"column":null}},{"start":{},"end":{}}],"line":25},"3":{"loc":{"start":{"line":25,"column":12},"end":{"line":25,"column":62}},"type":"binary-expr","locations":[{"start":{"line":25,"column":12},"end":{"line":25,"column":52}},{"start":{"line":25,"column":52},"end":{"line":25,"column":62}}],"line":25},"4":{"loc":{"start":{"line":78,"column":9},"end":{"line":78,"column":null}},"type":"binary-expr","locations":[{"start":{"line":78,"column":9},"end":{"line":78,"column":18}},{"start":{"line":78,"column":18},"end":{"line":78,"column":null}}],"line":78},"5":{"loc":{"start":{"line":92,"column":22},"end":{"line":92,"column":null}},"type":"binary-expr","locations":[{"start":{"line":92,"column":22},"end":{"line":92,"column":33}},{"start":{"line":92,"column":33},"end":{"line":92,"column":null}}],"line":92},"6":{"loc":{"start":{"line":95,"column":13},"end":{"line":95,"column":null}},"type":"cond-expr","locations":[{"start":{"line":95,"column":23},"end":{"line":95,"column":39}},{"start":{"line":95,"column":39},"end":{"line":95,"column":null}}],"line":95}},"s":{"0":31,"1":31,"2":31,"3":1,"4":30,"5":3,"6":0,"7":29},"f":{"0":31,"1":3,"2":29},"b":{"0":[31],"1":[1,30],"2":[0,3],"3":[3,0],"4":[30,0],"5":[31,30],"6":[0,30]},"meta":{"lastBranch":7,"lastFunction":3,"lastStatement":8,"seen":{"f:4:9:4:28":0,"b:7:14:7:Infinity":0,"s:13:48:13:Infinity":0,"s:14:27:14:Infinity":1,"b:16:2:18:Infinity:undefined:undefined:undefined:undefined":1,"s:16:2:18:Infinity":2,"s:17:4:17:Infinity":3,"s:20:2:99:Infinity":4,"f:24:19:24:20":1,"b:25:8:27:Infinity:undefined:undefined:undefined:undefined":2,"s:25:8:27:Infinity":5,"b:25:12:25:52:25:52:25:62":3,"s:26:10:26:Infinity":6,"f:72:22:72:23":2,"s:72:33:72:Infinity":7,"b:78:9:78:18:78:18:78:Infinity":4,"b:92:22:92:33:92:33:92:Infinity":5,"b:95:23:95:39:95:39:95:Infinity":6},"fnNames":{}}}
,"C:\\Users\\Karl\\OneDrive\\Desktop\\ClassFlow\\frontend\\src\\components\\ProtectedRoute.jsx": {"path":"C:\\Users\\Karl\\OneDrive\\Desktop\\ClassFlow\\frontend\\src\\components\\ProtectedRoute.jsx","statementMap":{"0":{"start":{"line":5,"column":23},"end":{"line":16,"column":null}},"1":{"start":{"line":6,"column":24},"end":{"line":6,"column":null}},"2":{"start":{"line":7,"column":2},"end":{"line":9,"column":null}},"3":{"start":{"line":8,"column":4},"end":{"line":8,"column":null}},"4":{"start":{"line":11,"column":2},"end":{"line":13,"column":null}},"5":{"start":{"line":12,"column":4},"end":{"line":12,"column":null}},"6":{"start":{"line":15,"column":2},"end":{"line":15,"column":null}}},"fnMap":{"0":{"name":"(anonymous_0)","decl":{"start":{"line":5,"column":23},"end":{"line":5,"column":24}},"loc":{"start":{"line":5,"column":55},"end":{"line":16,"column":null}},"line":5}},"branchMap":{"0":{"loc":{"start":{"line":7,"column":2},"end":{"line":9,"column":null}},"type":"if","locations":[{"start":{"line":7,"column":2},"end":{"line":9,"column":null}},{"start":{},"end":{}}],"line":7},"1":{"loc":{"start":{"line":11,"column":2},"end":{"line":13,"column":null}},"type":"if","locations":[{"start":{"line":11,"column":2},"end":{"line":13,"column":null}},{"start":{},"end":{}}],"line":11},"2":{"loc":{"start":{"line":11,"column":6},"end":{"line":11,"column":68}},"type":"binary-expr","locations":[{"start":{"line":11,"column":6},"end":{"line":11,"column":16}},{"start":{"line":11,"column":16},"end":{"line":11,"column":32}},{"start":{"line":11,"column":32},"end":{"line":11,"column":68}}],"line":11}},"s":{"0":1,"1":4,"2":4,"3":1,"4":3,"5":2,"6":1},"f":{"0":4},"b":{"0":[1,3],"1":[2,1],"2":[3,2,2]},"meta":{"lastBranch":3,"lastFunction":1,"lastStatement":7,"seen":{"s:5:23:16:Infinity":0,"f:5:23:5:24":0,"s:6:24:6:Infinity":1,"b:7:2:9:Infinity:undefined:undefined:undefined:undefined":0,"s:7:2:9:Infinity":2,"s:8:4:8:Infinity":3,"b:11:2:13:Infinity:undefined:undefined:undefined:undefined":1,"s:11:2:13:Infinity":4,"b:11:6:11:16:11:16:11:32:11:32:11:68":2,"s:12:4:12:Infinity":5,"s:15:2:15:Infinity":6},"fnNames":{}}}
,"C:\\Users\\Karl\\OneDrive\\Desktop\\ClassFlow\\frontend\\src\\context\\AuthContext.jsx": {"path":"C:\\Users\\Karl\\OneDrive\\Desktop\\ClassFlow\\frontend\\src\\context\\AuthContext.jsx","statementMap":{"0":{"start":{"line":9,"column":13},"end":{"line":9,"column":null}},"1":{"start":{"line":12,"column":22},"end":{"line":12,"column":null}},"2":{"start":{"line":13,"column":28},"end":{"line":13,"column":null}},"3":{"start":{"line":15,"column":2},"end":{"line":28,"column":null}},"4":{"start":{"line":16,"column":22},"end":{"line":26,"column":null}},"5":{"start":{"line":17,"column":6},"end":{"line":25,"column":null}},"6":{"start":{"line":18,"column":21},"end":{"line":18,"column":null}},"7":{"start":{"line":19,"column":8},"end":{"line":19,"column":null}},"8":{"start":{"line":21,"column":8},"end":{"line":21,"column":null}},"9":{"start":{"line":22,"column":8},"end":{"line":22,"column":null}},"10":{"start":{"line":24,"column":8},"end":{"line":24,"column":null}},"11":{"start":{"line":27,"column":4},"end":{"line":27,"column":null}},"12":{"start":{"line":30,"column":16},"end":{"line":35,"column":null}},"13":{"start":{"line":31,"column":4},"end":{"line":31,"column":null}},"14":{"start":{"line":32,"column":21},"end":{"line":32,"column":null}},"15":{"start":{"line":33,"column":4},"end":{"line":33,"column":null}},"16":{"start":{"line":34,"column":4},"end":{"line":34,"column":null}},"17":{"start":{"line":37,"column":22},"end":{"line":44,"column":null}},"18":{"start":{"line":38,"column":4},"end":{"line":38,"column":null}},"19":{"start":{"line":40,"column":21},"end":{"line":40,"column":null}},"20":{"start":{"line":41,"column":4},"end":{"line":41,"column":null}},"21":{"start":{"line":43,"column":4},"end":{"line":43,"column":null}},"22":{"start":{"line":46,"column":17},"end":{"line":49,"column":null}},"23":{"start":{"line":47,"column":4},"end":{"line":47,"column":null}},"24":{"start":{"line":48,"column":4},"end":{"line":48,"column":null}},"25":{"start":{"line":51,"column":8},"end":{"line":53,"column":null}},"26":{"start":{"line":52,"column":4},"end":{"line":52,"column":null}},"27":{"start":{"line":55,"column":2},"end":{"line":60,"column":null}}},"fnMap":{"0":{"name":"AuthProvider","decl":{"start":{"line":11,"column":16},"end":{"line":11,"column":29}},"loc":{"start":{"line":11,"column":43},"end":{"line":62,"column":null}},"line":11},"1":{"name":"(anonymous_1)","decl":{"start":{"line":15,"column":12},"end":{"line":15,"column":18}},"loc":{"start":{"line":15,"column":18},"end":{"line":28,"column":5}},"line":15},"2":{"name":"(anonymous_2)","decl":{"start":{"line":16,"column":22},"end":{"line":16,"column":34}},"loc":{"start":{"line":16,"column":34},"end":{"line":26,"column":null}},"line":16},"3":{"name":"(anonymous_3)","decl":{"start":{"line":30,"column":16},"end":{"line":30,"column":23}},"loc":{"start":{"line":30,"column":32},"end":{"line":35,"column":null}},"line":30},"4":{"name":"(anonymous_4)","decl":{"start":{"line":37,"column":22},"end":{"line":37,"column":29}},"loc":{"start":{"line":37,"column":38},"end":{"line":44,"column":null}},"line":37},"5":{"name":"(anonymous_5)","decl":{"start":{"line":46,"column":17},"end":{"line":46,"column":29}},"loc":{"start":{"line":46,"column":29},"end":{"line":49,"column":null}},"line":46},"6":{"name":"(anonymous_6)","decl":{"start":{"line":51,"column":33},"end":{"line":51,"column":34}},"loc":{"start":{"line":51,"column":47},"end":{"line":53,"column":5}},"line":51}},"branchMap":{},"s":{"0":4,"1":10,"2":10,"3":10,"4":4,"5":4,"6":4,"7":3,"8":1,"9":1,"10":4,"11":4,"12":10,"13":1,"14":1,"15":1,"16":1,"17":10,"18":0,"19":0,"20":0,"21":0,"22":10,"23":1,"24":1,"25":10,"26":0,"27":10},"f":{"0":10,"1":4,"2":4,"3":1,"4":0,"5":1,"6":0},"b":{},"meta":{"lastBranch":0,"lastFunction":7,"lastStatement":28,"seen":{"s:9:13:9:Infinity":0,"f:11:16:11:29":0,"s:12:22:12:Infinity":1,"s:13:28:13:Infinity":2,"s:15:2:28:Infinity":3,"f:15:12:15:18":1,"s:16:22:26:Infinity":4,"f:16:22:16:34":2,"s:17:6:25:Infinity":5,"s:18:21:18:Infinity":6,"s:19:8:19:Infinity":7,"s:21:8:21:Infinity":8,"s:22:8:22:Infinity":9,"s:24:8:24:Infinity":10,"s:27:4:27:Infinity":11,"s:30:16:35:Infinity":12,"f:30:16:30:23":3,"s:31:4:31:Infinity":13,"s:32:21:32:Infinity":14,"s:33:4:33:Infinity":15,"s:34:4:34:Infinity":16,"s:37:22:44:Infinity":17,"f:37:22:37:29":4,"s:38:4:38:Infinity":18,"s:40:21:40:Infinity":19,"s:41:4:41:Infinity":20,"s:43:4:43:Infinity":21,"s:46:17:49:Infinity":22,"f:46:17:46:29":5,"s:47:4:47:Infinity":23,"s:48:4:48:Infinity":24,"s:51:8:53:Infinity":25,"f:51:33:51:34":6,"s:52:4:52:Infinity":26,"s:55:2:60:Infinity":27},"fnNames":{}}}
,"C:\\Users\\Karl\\OneDrive\\Desktop\\ClassFlow\\frontend\\src\\context\\themeContext.js": {"path":"C:\\Users\\Karl\\OneDrive\\Desktop\\ClassFlow\\frontend\\src\\context\\themeContext.js","statementMap":{"0":{"start":{"line":3,"column":27},"end":{"line":3,"column":47}}},"fnMap":{},"branchMap":{},"s":{"0":1},"f":{},"b":{},"meta":{"lastBranch":0,"lastFunction":0,"lastStatement":1,"seen":{"s:3:27:3:47":0},"fnNames":{}}}
,"C:\\Users\\Karl\\OneDrive\\Desktop\\ClassFlow\\frontend\\src\\context\\useTheme.js": {"path":"C:\\Users\\Karl\\OneDrive\\Desktop\\ClassFlow\\frontend\\src\\context\\useTheme.js","statementMap":{"0":{"start":{"line":5,"column":17},"end":{"line":5,"column":42}},"1":{"start":{"line":6,"column":2},"end":{"line":8,"column":3}},"2":{"start":{"line":7,"column":4},"end":{"line":7,"column":68}},"3":{"start":{"line":9,"column":2},"end":{"line":9,"column":17}}},"fnMap":{"0":{"name":"useTheme","decl":{"start":{"line":4,"column":16},"end":{"line":4,"column":24}},"loc":{"start":{"line":4,"column":27},"end":{"line":10,"column":1}},"line":4}},"branchMap":{"0":{"loc":{"start":{"line":6,"column":2},"end":{"line":8,"column":3}},"type":"if","locations":[{"start":{"line":6,"column":2},"end":{"line":8,"column":3}},{"start":{},"end":{}}],"line":6}},"s":{"0":76,"1":76,"2":0,"3":76},"f":{"0":76},"b":{"0":[0,76]},"meta":{"lastBranch":1,"lastFunction":1,"lastStatement":4,"seen":{"f:4:16:4:24":0,"s:5:17:5:42":0,"b:6:2:8:3:undefined:undefined:undefined:undefined":0,"s:6:2:8:3":1,"s:7:4:7:68":2,"s:9:2:9:17":3},"fnNames":{}}}
,"C:\\Users\\Karl\\OneDrive\\Desktop\\ClassFlow\\frontend\\src\\pages\\Dashboard.jsx": {"path":"C:\\Users\\Karl\\OneDrive\\Desktop\\ClassFlow\\frontend\\src\\pages\\Dashboard.jsx","statementMap":{"0":{"start":{"line":18,"column":15},"end":{"line":18,"column":null}},"1":{"start":{"line":19,"column":8},"end":{"line":19,"column":null}},"2":{"start":{"line":20,"column":28},"end":{"line":20,"column":null}},"3":{"start":{"line":21,"column":36},"end":{"line":21,"column":null}},"4":{"start":{"line":22,"column":28},"end":{"line":22,"column":null}},"5":{"start":{"line":23,"column":24},"end":{"line":23,"column":null}},"6":{"start":{"line":24,"column":36},"end":{"line":24,"column":null}},"7":{"start":{"line":24,"column":55},"end":{"line":24,"column":65}},"8":{"start":{"line":26,"column":2},"end":{"line":29,"column":null}},"9":{"start":{"line":27,"column":23},"end":{"line":27,"column":null}},"10":{"start":{"line":27,"column":41},"end":{"line":27,"column":69}},"11":{"start":{"line":28,"column":4},"end":{"line":28,"column":null}},"12":{"start":{"line":28,"column":17},"end":{"line":28,"column":null}},"13":{"start":{"line":31,"column":2},"end":{"line":51,"column":null}},"14":{"start":{"line":32,"column":32},"end":{"line":48,"column":null}},"15":{"start":{"line":33,"column":6},"end":{"line":47,"column":null}},"16":{"start":{"line":34,"column":44},"end":{"line":37,"column":null}},"17":{"start":{"line":38,"column":8},"end":{"line":38,"column":null}},"18":{"start":{"line":39,"column":8},"end":{"line":39,"column":null}},"19":{"start":{"line":41,"column":8},"end":{"line":44,"column":null}},"20":{"start":{"line":46,"column":8},"end":{"line":46,"column":null}},"21":{"start":{"line":50,"column":4},"end":{"line":50,"column":null}},"22":{"start":{"line":53,"column":26},"end":{"line":55,"column":null}},"23":{"start":{"line":54,"column":20},"end":{"line":54,"column":null}},"24":{"start":{"line":56,"column":31},"end":{"line":58,"column":null}},"25":{"start":{"line":57,"column":20},"end":{"line":57,"column":null}},"26":{"start":{"line":59,"column":28},"end":{"line":61,"column":null}},"27":{"start":{"line":60,"column":20},"end":{"line":60,"column":null}},"28":{"start":{"line":62,"column":16},"end":{"line":87,"column":null}},"29":{"start":{"line":89,"column":2},"end":{"line":238,"column":null}},"30":{"start":{"line":120,"column":20},"end":{"line":135,"column":null}},"31":{"start":{"line":159,"column":24},"end":{"line":183,"column":null}},"32":{"start":{"line":162,"column":41},"end":{"line":162,"column":null}},"33":{"start":{"line":207,"column":24},"end":{"line":228,"column":null}},"34":{"start":{"line":211,"column":28},"end":{"line":213,"column":null}}},"fnMap":{"0":{"name":"Dashboard","decl":{"start":{"line":17,"column":9},"end":{"line":17,"column":21}},"loc":{"start":{"line":17,"column":21},"end":{"line":240,"column":null}},"line":17},"1":{"name":"(anonymous_1)","decl":{"start":{"line":24,"column":49},"end":{"line":24,"column":55}},"loc":{"start":{"line":24,"column":55},"end":{"line":24,"column":65}},"line":24},"2":{"name":"(anonymous_2)","decl":{"start":{"line":26,"column":12},"end":{"line":26,"column":18}},"loc":{"start":{"line":26,"column":18},"end":{"line":29,"column":5}},"line":26},"3":{"name":"(anonymous_3)","decl":{"start":{"line":27,"column":35},"end":{"line":27,"column":41}},"loc":{"start":{"line":27,"column":41},"end":{"line":27,"column":69}},"line":27},"4":{"name":"(anonymous_4)","decl":{"start":{"line":28,"column":11},"end":{"line":28,"column":17}},"loc":{"start":{"line":28,"column":17},"end":{"line":28,"column":null}},"line":28},"5":{"name":"(anonymous_5)","decl":{"start":{"line":31,"column":12},"end":{"line":31,"column":18}},"loc":{"start":{"line":31,"column":18},"end":{"line":51,"column":5}},"line":31},"6":{"name":"(anonymous_6)","decl":{"start":{"line":32,"column":32},"end":{"line":32,"column":44}},"loc":{"start":{"line":32,"column":44},"end":{"line":48,"column":null}},"line":32},"7":{"name":"(anonymous_7)","decl":{"start":{"line":54,"column":4},"end":{"line":54,"column":5}},"loc":{"start":{"line":54,"column":20},"end":{"line":54,"column":null}},"line":54},"8":{"name":"(anonymous_8)","decl":{"start":{"line":57,"column":4},"end":{"line":57,"column":5}},"loc":{"start":{"line":57,"column":20},"end":{"line":57,"column":null}},"line":57},"9":{"name":"(anonymous_9)","decl":{"start":{"line":60,"column":4},"end":{"line":60,"column":5}},"loc":{"start":{"line":60,"column":20},"end":{"line":60,"column":null}},"line":60},"10":{"name":"(anonymous_10)","decl":{"start":{"line":119,"column":29},"end":{"line":119,"column":30}},"loc":{"start":{"line":120,"column":20},"end":{"line":135,"column":null}},"line":120},"11":{"name":"(anonymous_11)","decl":{"start":{"line":158,"column":35},"end":{"line":158,"column":36}},"loc":{"start":{"line":159,"column":24},"end":{"line":183,"column":null}},"line":159},"12":{"name":"(anonymous_12)","decl":{"start":{"line":162,"column":35},"end":{"line":162,"column":41}},"loc":{"start":{"line":162,"column":41},"end":{"line":162,"column":null}},"line":162},"13":{"name":"(anonymous_13)","decl":{"start":{"line":206,"column":55},"end":{"line":206,"column":56}},"loc":{"start":{"line":207,"column":24},"end":{"line":228,"column":null}},"line":207},"14":{"name":"(anonymous_14)","decl":{"start":{"line":210,"column":35},"end":{"line":210,"column":null}},"loc":{"start":{"line":211,"column":28},"end":{"line":213,"column":null}},"line":211}},"branchMap":{"0":{"loc":{"start":{"line":38,"column":19},"end":{"line":38,"column":42}},"type":"binary-expr","locations":[{"start":{"line":38,"column":19},"end":{"line":38,"column":40}},{"start":{"line":38,"column":40},"end":{"line":38,"column":42}}],"line":38},"1":{"loc":{"start":{"line":39,"column":23},"end":{"line":39,"column":55}},"type":"binary-expr","locations":[{"start":{"line":39,"column":23},"end":{"line":39,"column":53}},{"start":{"line":39,"column":53},"end":{"line":39,"column":55}}],"line":39},"2":{"loc":{"start":{"line":42,"column":10},"end":{"line":43,"column":null}},"type":"binary-expr","locations":[{"start":{"line":42,"column":10},"end":{"line":42,"column":null}},{"start":{"line":43,"column":12},"end":{"line":43,"column":null}}],"line":42},"3":{"loc":{"start":{"line":60,"column":20},"end":{"line":60,"column":null}},"type":"binary-expr","locations":[{"start":{"line":60,"column":20},"end":{"line":60,"column":49}},{"start":{"line":60,"column":49},"end":{"line":60,"column":null}}],"line":60},"4":{"loc":{"start":{"line":103,"column":31},"end":{"line":103,"column":null}},"type":"binary-expr","locations":[{"start":{"line":103,"column":31},"end":{"line":103,"column":45}},{"start":{"line":103,"column":45},"end":{"line":103,"column":null}}],"line":103},"5":{"loc":{"start":{"line":110,"column":13},"end":{"line":111,"column":null}},"type":"binary-expr","locations":[{"start":{"line":110,"column":13},"end":{"line":110,"column":null}},{"start":{"line":111,"column":14},"end":{"line":111,"column":null}}],"line":110},"6":{"loc":{"start":{"line":113,"column":13},"end":{"line":114,"column":null}},"type":"binary-expr","locations":[{"start":{"line":113,"column":13},"end":{"line":113,"column":25}},{"start":{"line":113,"column":25},"end":{"line":113,"column":null}},{"start":{"line":114,"column":14},"end":{"line":114,"column":null}}],"line":113},"7":{"loc":{"start":{"line":116,"column":13},"end":{"line":233,"column":null}},"type":"binary-expr","locations":[{"start":{"line":116,"column":13},"end":{"line":116,"column":25}},{"start":{"line":116,"column":25},"end":{"line":116,"column":null}},{"start":{"line":117,"column":14},"end":{"line":233,"column":null}}],"line":116},"8":{"loc":{"start":{"line":153,"column":23},"end":{"line":156,"column":null}},"type":"binary-expr","locations":[{"start":{"line":153,"column":23},"end":{"line":153,"column":null}},{"start":{"line":154,"column":24},"end":{"line":156,"column":null}}],"line":153},"9":{"loc":{"start":{"line":165,"column":27},"end":{"line":170,"column":null}},"type":"binary-expr","locations":[{"start":{"line":165,"column":27},"end":{"line":165,"column":null}},{"start":{"line":166,"column":28},"end":{"line":170,"column":null}}],"line":165},"10":{"loc":{"start":{"line":201,"column":23},"end":{"line":204,"column":null}},"type":"binary-expr","locations":[{"start":{"line":201,"column":23},"end":{"line":201,"column":null}},{"start":{"line":202,"column":24},"end":{"line":204,"column":null}}],"line":201}},"s":{"0":4,"1":4,"2":4,"3":4,"4":4,"5":4,"6":4,"7":2,"8":4,"9":2,"10":0,"11":2,"12":2,"13":4,"14":2,"15":2,"16":2,"17":1,"18":2,"19":1,"20":2,"21":2,"22":4,"23":2,"24":4,"25":2,"26":4,"27":2,"28":4,"29":4,"30":4,"31":1,"32":0,"33":1,"34":0},"f":{"0":4,"1":2,"2":2,"3":0,"4":2,"5":2,"6":2,"7":2,"8":2,"9":2,"10":4,"11":1,"12":0,"13":1,"14":0},"b":{"0":[1,0],"1":[2,0],"2":[1,0],"3":[2,1],"4":[4,0],"5":[4,2],"6":[4,2,1],"7":[4,2,1],"8":[1,0],"9":[1,0],"10":[1,0]},"meta":{"lastBranch":11,"lastFunction":15,"lastStatement":35,"seen":{"f:17:9:17:21":0,"s:18:15:18:Infinity":0,"s:19:8:19:Infinity":1,"s:20:28:20:Infinity":2,"s:21:36:21:Infinity":3,"s:22:28:22:Infinity":4,"s:23:24:23:Infinity":5,"s:24:36:24:Infinity":6,"f:24:49:24:55":1,"s:24:55:24:65":7,"s:26:2:29:Infinity":8,"f:26:12:26:18":2,"s:27:23:27:Infinity":9,"f:27:35:27:41":3,"s:27:41:27:69":10,"s:28:4:28:Infinity":11,"f:28:11:28:17":4,"s:28:17:28:Infinity":12,"s:31:2:51:Infinity":13,"f:31:12:31:18":5,"s:32:32:48:Infinity":14,"f:32:32:32:44":6,"s:33:6:47:Infinity":15,"s:34:44:37:Infinity":16,"s:38:8:38:Infinity":17,"b:38:19:38:40:38:40:38:42":0,"s:39:8:39:Infinity":18,"b:39:23:39:53:39:53:39:55":1,"s:41:8:44:Infinity":19,"b:42:10:42:Infinity:43:12:43:Infinity":2,"s:46:8:46:Infinity":20,"s:50:4:50:Infinity":21,"s:53:26:55:Infinity":22,"f:54:4:54:5":7,"s:54:20:54:Infinity":23,"s:56:31:58:Infinity":24,"f:57:4:57:5":8,"s:57:20:57:Infinity":25,"s:59:28:61:Infinity":26,"f:60:4:60:5":9,"s:60:20:60:Infinity":27,"b:60:20:60:49:60:49:60:Infinity":3,"s:62:16:87:Infinity":28,"s:89:2:238:Infinity":29,"b:103:31:103:45:103:45:103:Infinity":4,"b:110:13:110:Infinity:111:14:111:Infinity":5,"b:113:13:113:25:113:25:113:Infinity:114:14:114:Infinity":6,"b:116:13:116:25:116:25:116:Infinity:117:14:233:Infinity":7,"f:119:29:119:30":10,"s:120:20:135:Infinity":30,"b:153:23:153:Infinity:154:24:156:Infinity":8,"f:158:35:158:36":11,"s:159:24:183:Infinity":31,"f:162:35:162:41":12,"s:162:41:162:Infinity":32,"b:165:27:165:Infinity:166:28:170:Infinity":9,"b:201:23:201:Infinity:202:24:204:Infinity":10,"f:206:55:206:56":13,"s:207:24:228:Infinity":33,"f:210:35:210:Infinity":14,"s:211:28:213:Infinity":34},"fnNames":{}}}
,"C:\\Users\\Karl\\OneDrive\\Desktop\\ClassFlow\\frontend\\src\\pages\\Login.jsx": {"path":"C:\\Users\\Karl\\OneDrive\\Desktop\\ClassFlow\\frontend\\src\\pages\\Login.jsx","statementMap":{"0":{"start":{"line":7,"column":8},"end":{"line":7,"column":null}},"1":{"start":{"line":8,"column":29},"end":{"line":8,"column":null}},"2":{"start":{"line":9,"column":16},"end":{"line":9,"column":null}},"3":{"start":{"line":10,"column":30},"end":{"line":13,"column":null}},"4":{"start":{"line":14,"column":24},"end":{"line":14,"column":null}},"5":{"start":{"line":15,"column":8},"end":{"line":31,"column":null}},"6":{"start":{"line":17,"column":6},"end":{"line":28,"column":null}},"7":{"start":{"line":18,"column":8},"end":{"line":18,"column":null}},"8":{"start":{"line":20,"column":21},"end":{"line":20,"column":null}},"9":{"start":{"line":22,"column":8},"end":{"line":22,"column":null}},"10":{"start":{"line":24,"column":8},"end":{"line":24,"column":null}},"11":{"start":{"line":26,"column":8},"end":{"line":26,"column":null}},"12":{"start":{"line":27,"column":8},"end":{"line":27,"column":null}},"13":{"start":{"line":32,"column":23},"end":{"line":39,"column":null}},"14":{"start":{"line":33,"column":28},"end":{"line":33,"column":null}},"15":{"start":{"line":34,"column":4},"end":{"line":34,"column":null}},"16":{"start":{"line":35,"column":4},"end":{"line":38,"column":null}},"17":{"start":{"line":35,"column":27},"end":{"line":38,"column":6}},"18":{"start":{"line":41,"column":23},"end":{"line":50,"column":null}},"19":{"start":{"line":42,"column":4},"end":{"line":42,"column":null}},"20":{"start":{"line":43,"column":4},"end":{"line":49,"column":null}},"21":{"start":{"line":44,"column":19},"end":{"line":44,"column":null}},"22":{"start":{"line":45,"column":6},"end":{"line":45,"column":null}},"23":{"start":{"line":47,"column":6},"end":{"line":47,"column":null}},"24":{"start":{"line":48,"column":6},"end":{"line":48,"column":null}},"25":{"start":{"line":52,"column":2},"end":{"line":75,"column":null}},"26":{"start":{"line":53,"column":4},"end":{"line":56,"column":null}},"27":{"start":{"line":54,"column":6},"end":{"line":54,"column":null}},"28":{"start":{"line":55,"column":6},"end":{"line":55,"column":null}},"29":{"start":{"line":58,"column":4},"end":{"line":61,"column":null}},"30":{"start":{"line":63,"column":28},"end":{"line":63,"column":null}},"31":{"start":{"line":64,"column":4},"end":{"line":66,"column":null}},"32":{"start":{"line":65,"column":6},"end":{"line":65,"column":null}},"33":{"start":{"line":68,"column":4},"end":{"line":68,"column":null}},"34":{"start":{"line":69,"column":4},"end":{"line":74,"column":null}},"35":{"start":{"line":77,"column":2},"end":{"line":237,"column":null}},"36":{"start":{"line":106,"column":14},"end":{"line":122,"column":null}}},"fnMap":{"0":{"name":"Login","decl":{"start":{"line":6,"column":9},"end":{"line":6,"column":17}},"loc":{"start":{"line":6,"column":17},"end":{"line":239,"column":null}},"line":6},"1":{"name":"(anonymous_1)","decl":{"start":{"line":16,"column":4},"end":{"line":16,"column":11}},"loc":{"start":{"line":16,"column":24},"end":{"line":29,"column":null}},"line":16},"2":{"name":"(anonymous_2)","decl":{"start":{"line":32,"column":23},"end":{"line":32,"column":24}},"loc":{"start":{"line":32,"column":30},"end":{"line":39,"column":null}},"line":32},"3":{"name":"(anonymous_3)","decl":{"start":{"line":35,"column":16},"end":{"line":35,"column":17}},"loc":{"start":{"line":35,"column":27},"end":{"line":38,"column":6}},"line":35},"4":{"name":"(anonymous_4)","decl":{"start":{"line":41,"column":23},"end":{"line":41,"column":30}},"loc":{"start":{"line":41,"column":36},"end":{"line":50,"column":null}},"line":41},"5":{"name":"(anonymous_5)","decl":{"start":{"line":52,"column":12},"end":{"line":52,"column":18}},"loc":{"start":{"line":52,"column":18},"end":{"line":75,"column":5}},"line":52},"6":{"name":"(anonymous_6)","decl":{"start":{"line":105,"column":18},"end":{"line":105,"column":19}},"loc":{"start":{"line":106,"column":14},"end":{"line":122,"column":null}},"line":106}},"branchMap":{"0":{"loc":{"start":{"line":24,"column":17},"end":{"line":24,"column":64}},"type":"cond-expr","locations":[{"start":{"line":24,"column":41},"end":{"line":24,"column":52}},{"start":{"line":24,"column":52},"end":{"line":24,"column":64}}],"line":24},"1":{"loc":{"start":{"line":45,"column":15},"end":{"line":45,"column":62}},"type":"cond-expr","locations":[{"start":{"line":45,"column":39},"end":{"line":45,"column":50}},{"start":{"line":45,"column":50},"end":{"line":45,"column":62}}],"line":45},"2":{"loc":{"start":{"line":53,"column":4},"end":{"line":56,"column":null}},"type":"if","locations":[{"start":{"line":53,"column":4},"end":{"line":56,"column":null}},{"start":{},"end":{}}],"line":53},"3":{"loc":{"start":{"line":64,"column":4},"end":{"line":66,"column":null}},"type":"if","locations":[{"start":{"line":64,"column":4},"end":{"line":66,"column":null}},{"start":{},"end":{}}],"line":64},"4":{"loc":{"start":{"line":70,"column":13},"end":{"line":70,"column":null}},"type":"cond-expr","locations":[{"start":{"line":70,"column":32},"end":{"line":70,"column":49}},{"start":{"line":70,"column":49},"end":{"line":70,"column":null}}],"line":70},"5":{"loc":{"start":{"line":194,"column":15},"end":{"line":197,"column":null}},"type":"binary-expr","locations":[{"start":{"line":194,"column":15},"end":{"line":194,"column":null}},{"start":{"line":195,"column":16},"end":{"line":197,"column":null}}],"line":194}},"s":{"0":76,"1":76,"2":76,"3":76,"4":76,"5":76,"6":0,"7":0,"8":0,"9":0,"10":0,"11":0,"12":0,"13":76,"14":72,"15":72,"16":72,"17":72,"18":76,"19":3,"20":3,"21":3,"22":2,"23":1,"24":1,"25":76,"26":3,"27":3,"28":3,"29":0,"30":3,"31":3,"32":0,"33":0,"34":0,"35":76,"36":304},"f":{"0":76,"1":0,"2":72,"3":72,"4":3,"5":3,"6":304},"b":{"0":[0,0],"1":[1,1],"2":[3,0],"3":[0,3],"4":[0,0],"5":[76,1]},"meta":{"lastBranch":6,"lastFunction":7,"lastStatement":37,"seen":{"f:6:9:6:17":0,"s:7:8:7:Infinity":0,"s:8:29:8:Infinity":1,"s:9:16:9:Infinity":2,"s:10:30:13:Infinity":3,"s:14:24:14:Infinity":4,"s:15:8:31:Infinity":5,"f:16:4:16:11":1,"s:17:6:28:Infinity":6,"s:18:8:18:Infinity":7,"s:20:21:20:Infinity":8,"s:22:8:22:Infinity":9,"s:24:8:24:Infinity":10,"b:24:41:24:52:24:52:24:64":0,"s:26:8:26:Infinity":11,"s:27:8:27:Infinity":12,"s:32:23:39:Infinity":13,"f:32:23:32:24":2,"s:33:28:33:Infinity":14,"s:34:4:34:Infinity":15,"s:35:4:38:Infinity":16,"f:35:16:35:17":3,"s:35:27:38:6":17,"s:41:23:50:Infinity":18,"f:41:23:41:30":4,"s:42:4:42:Infinity":19,"s:43:4:49:Infinity":20,"s:44:19:44:Infinity":21,"s:45:6:45:Infinity":22,"b:45:39:45:50:45:50:45:62":1,"s:47:6:47:Infinity":23,"s:48:6:48:Infinity":24,"s:52:2:75:Infinity":25,"f:52:12:52:18":5,"b:53:4:56:Infinity:undefined:undefined:undefined:undefined":2,"s:53:4:56:Infinity":26,"s:54:6:54:Infinity":27,"s:55:6:55:Infinity":28,"s:58:4:61:Infinity":29,"s:63:28:63:Infinity":30,"b:64:4:66:Infinity:undefined:undefined:undefined:undefined":3,"s:64:4:66:Infinity":31,"s:65:6:65:Infinity":32,"s:68:4:68:Infinity":33,"s:69:4:74:Infinity":34,"b:70:32:70:49:70:49:70:Infinity":4,"s:77:2:237:Infinity":35,"f:105:18:105:19":6,"s:106:14:122:Infinity":36,"b:194:15:194:Infinity:195:16:197:Infinity":5},"fnNames":{}}}
,"C:\\Users\\Karl\\OneDrive\\Desktop\\ClassFlow\\frontend\\src\\pages\\Signup.jsx": {"path":"C:\\Users\\Karl\\OneDrive\\Desktop\\ClassFlow\\frontend\\src\\pages\\Signup.jsx","statementMap":{"0":{"start":{"line":5,"column":20},"end":{"line":5,"column":null}},"1":{"start":{"line":8,"column":8},"end":{"line":8,"column":null}},"2":{"start":{"line":9,"column":30},"end":{"line":9,"column":null}},"3":{"start":{"line":10,"column":24},"end":{"line":10,"column":null}},"4":{"start":{"line":11,"column":34},"end":{"line":11,"column":null}},"5":{"start":{"line":13,"column":23},"end":{"line":17,"column":null}},"6":{"start":{"line":14,"column":28},"end":{"line":14,"column":null}},"7":{"start":{"line":15,"column":4},"end":{"line":15,"column":null}},"8":{"start":{"line":15,"column":30},"end":{"line":15,"column":60}},"9":{"start":{"line":16,"column":4},"end":{"line":16,"column":null}},"10":{"start":{"line":19,"column":23},"end":{"line":39,"column":null}},"11":{"start":{"line":20,"column":17},"end":{"line":20,"column":null}},"12":{"start":{"line":21,"column":18},"end":{"line":21,"column":null}},"13":{"start":{"line":23,"column":4},"end":{"line":23,"column":null}},"14":{"start":{"line":23,"column":15},"end":{"line":23,"column":null}},"15":{"start":{"line":24,"column":4},"end":{"line":24,"column":null}},"16":{"start":{"line":24,"column":25},"end":{"line":24,"column":null}},"17":{"start":{"line":25,"column":4},"end":{"line":25,"column":null}},"18":{"start":{"line":25,"column":27},"end":{"line":25,"column":null}},"19":{"start":{"line":26,"column":4},"end":{"line":28,"column":null}},"20":{"start":{"line":27,"column":6},"end":{"line":27,"column":null}},"21":{"start":{"line":29,"column":4},"end":{"line":31,"column":null}},"22":{"start":{"line":30,"column":6},"end":{"line":30,"column":null}},"23":{"start":{"line":32,"column":4},"end":{"line":34,"column":null}},"24":{"start":{"line":33,"column":6},"end":{"line":33,"column":null}},"25":{"start":{"line":35,"column":4},"end":{"line":37,"column":null}},"26":{"start":{"line":36,"column":6},"end":{"line":36,"column":null}},"27":{"start":{"line":38,"column":4},"end":{"line":38,"column":null}},"28":{"start":{"line":41,"column":23},"end":{"line":68,"column":null}},"29":{"start":{"line":42,"column":4},"end":{"line":42,"column":null}},"30":{"start":{"line":43,"column":28},"end":{"line":43,"column":null}},"31":{"start":{"line":44,"column":4},"end":{"line":47,"column":null}},"32":{"start":{"line":45,"column":6},"end":{"line":45,"column":null}},"33":{"start":{"line":46,"column":6},"end":{"line":46,"column":null}},"34":{"start":{"line":49,"column":4},"end":{"line":49,"column":null}},"35":{"start":{"line":50,"column":4},"end":{"line":50,"column":null}},"36":{"start":{"line":51,"column":4},"end":{"line":67,"column":null}},"37":{"start":{"line":52,"column":6},"end":{"line":56,"column":null}},"38":{"start":{"line":57,"column":6},"end":{"line":57,"column":null}},"39":{"start":{"line":59,"column":24},"end":{"line":59,"column":null}},"40":{"start":{"line":60,"column":6},"end":{"line":64,"column":null}},"41":{"start":{"line":66,"column":6},"end":{"line":66,"column":null}},"42":{"start":{"line":70,"column":2},"end":{"line":226,"column":null}},"43":{"start":{"line":205,"column":14},"end":{"line":221,"column":null}}},"fnMap":{"0":{"name":"Signup","decl":{"start":{"line":7,"column":9},"end":{"line":7,"column":18}},"loc":{"start":{"line":7,"column":18},"end":{"line":228,"column":null}},"line":7},"1":{"name":"(anonymous_1)","decl":{"start":{"line":13,"column":23},"end":{"line":13,"column":24}},"loc":{"start":{"line":13,"column":34},"end":{"line":17,"column":null}},"line":13},"2":{"name":"(anonymous_2)","decl":{"start":{"line":15,"column":16},"end":{"line":15,"column":17}},"loc":{"start":{"line":15,"column":30},"end":{"line":15,"column":60}},"line":15},"3":{"name":"(anonymous_3)","decl":{"start":{"line":19,"column":23},"end":{"line":19,"column":29}},"loc":{"start":{"line":19,"column":29},"end":{"line":39,"column":null}},"line":19},"4":{"name":"(anonymous_4)","decl":{"start":{"line":41,"column":23},"end":{"line":41,"column":30}},"loc":{"start":{"line":41,"column":40},"end":{"line":68,"column":null}},"line":41},"5":{"name":"(anonymous_5)","decl":{"start":{"line":204,"column":18},"end":{"line":204,"column":19}},"loc":{"start":{"line":205,"column":14},"end":{"line":221,"column":null}},"line":205}},"branchMap":{"0":{"loc":{"start":{"line":23,"column":4},"end":{"line":23,"column":null}},"type":"if","locations":[{"start":{"line":23,"column":4},"end":{"line":23,"column":null}},{"start":{},"end":{}}],"line":23},"1":{"loc":{"start":{"line":24,"column":4},"end":{"line":24,"column":null}},"type":"if","locations":[{"start":{"line":24,"column":4},"end":{"line":24,"column":null}},{"start":{},"end":{}}],"line":24},"2":{"loc":{"start":{"line":25,"column":4},"end":{"line":25,"column":null}},"type":"if","locations":[{"start":{"line":25,"column":4},"end":{"line":25,"column":null}},{"start":{},"end":{}}],"line":25},"3":{"loc":{"start":{"line":26,"column":4},"end":{"line":28,"column":null}},"type":"if","locations":[{"start":{"line":26,"column":4},"end":{"line":28,"column":null}},{"start":{},"end":{}}],"line":26},"4":{"loc":{"start":{"line":26,"column":8},"end":{"line":26,"column":61}},"type":"binary-expr","locations":[{"start":{"line":26,"column":8},"end":{"line":26,"column":18}},{"start":{"line":26,"column":18},"end":{"line":26,"column":61}}],"line":26},"5":{"loc":{"start":{"line":29,"column":4},"end":{"line":31,"column":null}},"type":"if","locations":[{"start":{"line":29,"column":4},"end":{"line":31,"column":null}},{"start":{},"end":{}}],"line":29},"6":{"loc":{"start":{"line":32,"column":4},"end":{"line":34,"column":null}},"type":"if","locations":[{"start":{"line":32,"column":4},"end":{"line":34,"column":null}},{"start":{},"end":{}}],"line":32},"7":{"loc":{"start":{"line":35,"column":4},"end":{"line":37,"column":null}},"type":"if","locations":[{"start":{"line":35,"column":4},"end":{"line":37,"column":null}},{"start":{},"end":{}}],"line":35},"8":{"loc":{"start":{"line":44,"column":4},"end":{"line":47,"column":null}},"type":"if","locations":[{"start":{"line":44,"column":4},"end":{"line":47,"column":null}},{"start":{},"end":{}}],"line":44},"9":{"loc":{"start":{"line":61,"column":8},"end":{"line":63,"column":null}},"type":"binary-expr","locations":[{"start":{"line":61,"column":8},"end":{"line":61,"column":null}},{"start":{"line":62,"column":10},"end":{"line":62,"column":null}},{"start":{"line":63,"column":10},"end":{"line":63,"column":null}}],"line":61},"10":{"loc":{"start":{"line":154,"column":15},"end":{"line":157,"column":null}},"type":"binary-expr","locations":[{"start":{"line":154,"column":15},"end":{"line":154,"column":null}},{"start":{"line":155,"column":16},"end":{"line":157,"column":null}}],"line":154},"11":{"loc":{"start":{"line":164,"column":17},"end":{"line":164,"column":null}},"type":"cond-expr","locations":[{"start":{"line":164,"column":30},"end":{"line":164,"column":54}},{"start":{"line":164,"column":54},"end":{"line":164,"column":null}}],"line":164}},"s":{"0":1,"1":99,"2":99,"3":99,"4":99,"5":99,"6":92,"7":92,"8":92,"9":92,"10":99,"11":3,"12":3,"13":3,"14":1,"15":2,"16":0,"17":2,"18":0,"19":2,"20":0,"21":2,"22":0,"23":2,"24":0,"25":2,"26":0,"27":2,"28":99,"29":3,"30":3,"31":3,"32":1,"33":1,"34":2,"35":2,"36":2,"37":2,"38":0,"39":1,"40":1,"41":1,"42":99,"43":396},"f":{"0":99,"1":92,"2":92,"3":3,"4":3,"5":396},"b":{"0":[1,2],"1":[0,2],"2":[0,2],"3":[0,2],"4":[2,2],"5":[0,2],"6":[0,2],"7":[0,2],"8":[1,2],"9":[1,0,0],"10":[99,2],"11":[2,97]},"meta":{"lastBranch":12,"lastFunction":6,"lastStatement":44,"seen":{"s:5:20:5:Infinity":0,"f:7:9:7:18":0,"s:8:8:8:Infinity":1,"s:9:30:9:Infinity":2,"s:10:24:10:Infinity":3,"s:11:34:11:Infinity":4,"s:13:23:17:Infinity":5,"f:13:23:13:24":1,"s:14:28:14:Infinity":6,"s:15:4:15:Infinity":7,"f:15:16:15:17":2,"s:15:30:15:60":8,"s:16:4:16:Infinity":9,"s:19:23:39:Infinity":10,"f:19:23:19:29":3,"s:20:17:20:Infinity":11,"s:21:18:21:Infinity":12,"b:23:4:23:Infinity:undefined:undefined:undefined:undefined":0,"s:23:4:23:Infinity":13,"s:23:15:23:Infinity":14,"b:24:4:24:Infinity:undefined:undefined:undefined:undefined":1,"s:24:4:24:Infinity":15,"s:24:25:24:Infinity":16,"b:25:4:25:Infinity:undefined:undefined:undefined:undefined":2,"s:25:4:25:Infinity":17,"s:25:27:25:Infinity":18,"b:26:4:28:Infinity:undefined:undefined:undefined:undefined":3,"s:26:4:28:Infinity":19,"b:26:8:26:18:26:18:26:61":4,"s:27:6:27:Infinity":20,"b:29:4:31:Infinity:undefined:undefined:undefined:undefined":5,"s:29:4:31:Infinity":21,"s:30:6:30:Infinity":22,"b:32:4:34:Infinity:undefined:undefined:undefined:undefined":6,"s:32:4:34:Infinity":23,"s:33:6:33:Infinity":24,"b:35:4:37:Infinity:undefined:undefined:undefined:undefined":7,"s:35:4:37:Infinity":25,"s:36:6:36:Infinity":26,"s:38:4:38:Infinity":27,"s:41:23:68:Infinity":28,"f:41:23:41:30":4,"s:42:4:42:Infinity":29,"s:43:28:43:Infinity":30,"b:44:4:47:Infinity:undefined:undefined:undefined:undefined":8,"s:44:4:47:Infinity":31,"s:45:6:45:Infinity":32,"s:46:6:46:Infinity":33,"s:49:4:49:Infinity":34,"s:50:4:50:Infinity":35,"s:51:4:67:Infinity":36,"s:52:6:56:Infinity":37,"s:57:6:57:Infinity":38,"s:59:24:59:Infinity":39,"s:60:6:64:Infinity":40,"b:61:8:61:Infinity:62:10:62:Infinity:63:10:63:Infinity":9,"s:66:6:66:Infinity":41,"s:70:2:226:Infinity":42,"b:154:15:154:Infinity:155:16:157:Infinity":10,"b:164:30:164:54:164:54:164:Infinity":11,"f:204:18:204:19":5,"s:205:14:221:Infinity":43},"fnNames":{}}}
,"C:\\Users\\Karl\\OneDrive\\Desktop\\ClassFlow\\frontend\\src\\services\\authServices.js": {"path":"C:\\Users\\Karl\\OneDrive\\Desktop\\ClassFlow\\frontend\\src\\services\\authServices.js","statementMap":{"0":{"start":{"line":3,"column":24},"end":{"line":6,"column":1}},"1":{"start":{"line":4,"column":19},"end":{"line":4,"column":57}},"2":{"start":{"line":5,"column":2},"end":{"line":5,"column":23}},"3":{"start":{"line":8,"column":27},"end":{"line":11,"column":1}},"4":{"start":{"line":9,"column":19},"end":{"line":9,"column":55}},"5":{"start":{"line":10,"column":2},"end":{"line":10,"column":23}},"6":{"start":{"line":13,"column":30},"end":{"line":16,"column":1}},"7":{"start":{"line":14,"column":19},"end":{"line":14,"column":69}},"8":{"start":{"line":15,"column":2},"end":{"line":15,"column":23}},"9":{"start":{"line":18,"column":29},"end":{"line":25,"column":1}},"10":{"start":{"line":19,"column":19},"end":{"line":23,"column":4}},"11":{"start":{"line":24,"column":2},"end":{"line":24,"column":23}},"12":{"start":{"line":27,"column":21},"end":{"line":30,"column":1}},"13":{"start":{"line":28,"column":19},"end":{"line":28,"column":54}},"14":{"start":{"line":29,"column":2},"end":{"line":29,"column":23}},"15":{"start":{"line":32,"column":27},"end":{"line":38,"column":1}},"16":{"start":{"line":33,"column":19},"end":{"line":35,"column":4}},"17":{"start":{"line":37,"column":2},"end":{"line":37,"column":23}},"18":{"start":{"line":40,"column":22},"end":{"line":43,"column":1}},"19":{"start":{"line":41,"column":19},"end":{"line":41,"column":49}},"20":{"start":{"line":42,"column":2},"end":{"line":42,"column":23}},"21":{"start":{"line":45,"column":21},"end":{"line":48,"column":1}},"22":{"start":{"line":46,"column":19},"end":{"line":46,"column":44}},"23":{"start":{"line":47,"column":2},"end":{"line":47,"column":23}},"24":{"start":{"line":50,"column":26},"end":{"line":53,"column":1}},"25":{"start":{"line":51,"column":19},"end":{"line":51,"column":49}},"26":{"start":{"line":52,"column":2},"end":{"line":52,"column":23}},"27":{"start":{"line":55,"column":29},"end":{"line":58,"column":1}},"28":{"start":{"line":56,"column":19},"end":{"line":56,"column":57}},"29":{"start":{"line":57,"column":2},"end":{"line":57,"column":23}},"30":{"start":{"line":60,"column":30},"end":{"line":63,"column":1}},"31":{"start":{"line":61,"column":19},"end":{"line":61,"column":66}},"32":{"start":{"line":62,"column":2},"end":{"line":62,"column":23}},"33":{"start":{"line":65,"column":23},"end":{"line":68,"column":1}},"34":{"start":{"line":66,"column":19},"end":{"line":66,"column":50}},"35":{"start":{"line":67,"column":2},"end":{"line":67,"column":23}}},"fnMap":{"0":{"name":"(anonymous_0)","decl":{"start":{"line":3,"column":24},"end":{"line":3,"column":29}},"loc":{"start":{"line":3,"column":40},"end":{"line":6,"column":1}},"line":3},"1":{"name":"(anonymous_1)","decl":{"start":{"line":8,"column":27},"end":{"line":8,"column":32}},"loc":{"start":{"line":8,"column":43},"end":{"line":11,"column":1}},"line":8},"2":{"name":"(anonymous_2)","decl":{"start":{"line":13,"column":30},"end":{"line":13,"column":35}},"loc":{"start":{"line":13,"column":47},"end":{"line":16,"column":1}},"line":13},"3":{"name":"(anonymous_3)","decl":{"start":{"line":18,"column":29},"end":{"line":18,"column":34}},"loc":{"start":{"line":18,"column":73},"end":{"line":25,"column":1}},"line":18},"4":{"name":"(anonymous_4)","decl":{"start":{"line":27,"column":21},"end":{"line":27,"column":26}},"loc":{"start":{"line":27,"column":37},"end":{"line":30,"column":1}},"line":27},"5":{"name":"(anonymous_5)","decl":{"start":{"line":32,"column":27},"end":{"line":32,"column":32}},"loc":{"start":{"line":32,"column":49},"end":{"line":38,"column":1}},"line":32},"6":{"name":"(anonymous_6)","decl":{"start":{"line":40,"column":22},"end":{"line":40,"column":27}},"loc":{"start":{"line":40,"column":34},"end":{"line":43,"column":1}},"line":40},"7":{"name":"(anonymous_7)","decl":{"start":{"line":45,"column":21},"end":{"line":45,"column":26}},"loc":{"start":{"line":45,"column":33},"end":{"line":48,"column":1}},"line":45},"8":{"name":"(anonymous_8)","decl":{"start":{"line":50,"column":26},"end":{"line":50,"column":31}},"loc":{"start":{"line":50,"column":38},"end":{"line":53,"column":1}},"line":50},"9":{"name":"(anonymous_9)","decl":{"start":{"line":55,"column":29},"end":{"line":55,"column":34}},"loc":{"start":{"line":55,"column":45},"end":{"line":58,"column":1}},"line":55},"10":{"name":"(anonymous_10)","decl":{"start":{"line":60,"column":30},"end":{"line":60,"column":35}},"loc":{"start":{"line":60,"column":46},"end":{"line":63,"column":1}},"line":60},"11":{"name":"(anonymous_11)","decl":{"start":{"line":65,"column":23},"end":{"line":65,"column":28}},"loc":{"start":{"line":65,"column":35},"end":{"line":68,"column":1}},"line":65}},"branchMap":{},"s":{"0":3,"1":0,"2":0,"3":3,"4":0,"5":0,"6":3,"7":0,"8":0,"9":3,"10":0,"11":0,"12":3,"13":0,"14":0,"15":3,"16":0,"17":0,"18":3,"19":0,"20":0,"21":3,"22":0,"23":0,"24":3,"25":0,"26":0,"27":3,"28":0,"29":0,"30":3,"31":0,"32":0,"33":3,"34":0,"35":0},"f":{"0":0,"1":0,"2":0,"3":0,"4":0,"5":0,"6":0,"7":0,"8":0,"9":0,"10":0,"11":0},"b":{},"meta":{"lastBranch":0,"lastFunction":12,"lastStatement":36,"seen":{"s:3:24:6:1":0,"f:3:24:3:29":0,"s:4:19:4:57":1,"s:5:2:5:23":2,"s:8:27:11:1":3,"f:8:27:8:32":1,"s:9:19:9:55":4,"s:10:2:10:23":5,"s:13:30:16:1":6,"f:13:30:13:35":2,"s:14:19:14:69":7,"s:15:2:15:23":8,"s:18:29:25:1":9,"f:18:29:18:34":3,"s:19:19:23:4":10,"s:24:2:24:23":11,"s:27:21:30:1":12,"f:27:21:27:26":4,"s:28:19:28:54":13,"s:29:2:29:23":14,"s:32:27:38:1":15,"f:32:27:32:32":5,"s:33:19:35:4":16,"s:37:2:37:23":17,"s:40:22:43:1":18,"f:40:22:40:27":6,"s:41:19:41:49":19,"s:42:2:42:23":20,"s:45:21:48:1":21,"f:45:21:45:26":7,"s:46:19:46:44":22,"s:47:2:47:23":23,"s:50:26:53:1":24,"f:50:26:50:31":8,"s:51:19:51:49":25,"s:52:2:52:23":26,"s:55:29:58:1":27,"f:55:29:55:34":9,"s:56:19:56:57":28,"s:57:2:57:23":29,"s:60:30:63:1":30,"f:60:30:60:35":10,"s:61:19:61:66":31,"s:62:2:62:23":32,"s:65:23:68:1":33,"f:65:23:65:28":11,"s:66:19:66:50":34,"s:67:2:67:23":35},"fnNames":{}}}
,"C:\\Users\\Karl\\OneDrive\\Desktop\\ClassFlow\\frontend\\src\\utils\\formatDate.js": {"path":"C:\\Users\\Karl\\OneDrive\\Desktop\\ClassFlow\\frontend\\src\\utils\\formatDate.js","statementMap":{"0":{"start":{"line":4,"column":2},"end":{"line":4,"column":47}}},"fnMap":{"0":{"name":"formatDate","decl":{"start":{"line":3,"column":9},"end":{"line":3,"column":19}},"loc":{"start":{"line":3,"column":26},"end":{"line":5,"column":1}},"line":3}},"branchMap":{},"s":{"0":1},"f":{"0":1},"b":{},"meta":{"lastBranch":0,"lastFunction":1,"lastStatement":1,"seen":{"f:3:9:3:19":0,"s:4:2:4:47":0},"fnNames":{}}}
,"C:\\Users\\Karl\\OneDrive\\Desktop\\ClassFlow\\frontend\\src\\utils\\schedule.js": {"path":"C:\\Users\\Karl\\OneDrive\\Desktop\\ClassFlow\\frontend\\src\\utils\\schedule.js","statementMap":{"0":{"start":{"line":1,"column":24},"end":{"line":9,"column":1}},"1":{"start":{"line":11,"column":29},"end":{"line":24,"column":1}},"2":{"start":{"line":12,"column":19},"end":{"line":12,"column":23}},"3":{"start":{"line":13,"column":2},"end":{"line":19,"column":3}},"4":{"start":{"line":14,"column":4},"end":{"line":18,"column":5}},"5":{"start":{"line":15,"column":6},"end":{"line":15,"column":36}},"6":{"start":{"line":17,"column":6},"end":{"line":17,"column":22}},"7":{"start":{"line":21,"column":2},"end":{"line":23,"column":4}},"8":{"start":{"line":22,"column":13},"end":{"line":22,"column":66}},"9":{"start":{"line":26,"column":26},"end":{"line":33,"column":1}},"10":{"start":{"line":27,"column":2},"end":{"line":27,"column":23}},"11":{"start":{"line":27,"column":13},"end":{"line":27,"column":23}},"12":{"start":{"line":28,"column":27},"end":{"line":28,"column":62}},"13":{"start":{"line":29,"column":2},"end":{"line":29,"column":62}},"14":{"start":{"line":29,"column":52},"end":{"line":29,"column":62}},"15":{"start":{"line":30,"column":17},"end":{"line":30,"column":42}},"16":{"start":{"line":31,"column":23},"end":{"line":31,"column":39}},"17":{"start":{"line":32,"column":2},"end":{"line":32,"column":73}},"18":{"start":{"line":35,"column":32},"end":{"line":59,"column":1}},"19":{"start":{"line":36,"column":15},"end":{"line":36,"column":54}},"20":{"start":{"line":37,"column":20},"end":{"line":37,"column":75}},"21":{"start":{"line":38,"column":18},"end":{"line":38,"column":71}},"22":{"start":{"line":40,"column":2},"end":{"line":46,"column":3}},"23":{"start":{"line":45,"column":4},"end":{"line":45,"column":17}},"24":{"start":{"line":48,"column":25},"end":{"line":48,"column":65}},"25":{"start":{"line":49,"column":23},"end":{"line":49,"column":71}},"26":{"start":{"line":50,"column":21},"end":{"line":50,"column":65}},"27":{"start":{"line":52,"column":2},"end":{"line":58,"column":4}},"28":{"start":{"line":61,"column":30},"end":{"line":81,"column":1}},"29":{"start":{"line":62,"column":15},"end":{"line":62,"column":54}},"30":{"start":{"line":63,"column":2},"end":{"line":69,"column":3}},"31":{"start":{"line":68,"column":4},"end":{"line":68,"column":30}},"32":{"start":{"line":72,"column":4},"end":{"line":78,"column":62}},"33":{"start":{"line":80,"column":2},"end":{"line":80,"column":115}}},"fnMap":{"0":{"name":"(anonymous_0)","decl":{"start":{"line":11,"column":29},"end":{"line":11,"column":30}},"loc":{"start":{"line":11,"column":39},"end":{"line":24,"column":1}},"line":11},"1":{"name":"(anonymous_1)","decl":{"start":{"line":22,"column":4},"end":{"line":22,"column":5}},"loc":{"start":{"line":22,"column":13},"end":{"line":22,"column":66}},"line":22},"2":{"name":"(anonymous_2)","decl":{"start":{"line":26,"column":26},"end":{"line":26,"column":27}},"loc":{"start":{"line":26,"column":36},"end":{"line":33,"column":1}},"line":26},"3":{"name":"(anonymous_3)","decl":{"start":{"line":35,"column":32},"end":{"line":35,"column":33}},"loc":{"start":{"line":35,"column":66},"end":{"line":59,"column":1}},"line":35},"4":{"name":"(anonymous_4)","decl":{"start":{"line":61,"column":30},"end":{"line":61,"column":31}},"loc":{"start":{"line":61,"column":45},"end":{"line":81,"column":1}},"line":61}},"branchMap":{"0":{"loc":{"start":{"line":13,"column":2},"end":{"line":19,"column":3}},"type":"if","locations":[{"start":{"line":13,"column":2},"end":{"line":19,"column":3}},{"start":{},"end":{}}],"line":13},"1":{"loc":{"start":{"line":22,"column":13},"end":{"line":22,"column":66}},"type":"binary-expr","locations":[{"start":{"line":22,"column":13},"end":{"line":22,"column":38}},{"start":{"line":22,"column":42},"end":{"line":22,"column":66}}],"line":22},"2":{"loc":{"start":{"line":27,"column":2},"end":{"line":27,"column":23}},"type":"if","locations":[{"start":{"line":27,"column":2},"end":{"line":27,"column":23}},{"start":{},"end":{}}],"line":27},"3":{"loc":{"start":{"line":29,"column":2},"end":{"line":29,"column":62}},"type":"if","locations":[{"start":{"line":29,"column":2},"end":{"line":29,"column":62}},{"start":{},"end":{}}],"line":29},"4":{"loc":{"start":{"line":29,"column":6},"end":{"line":29,"column":50}},"type":"binary-expr","locations":[{"start":{"line":29,"column":6},"end":{"line":29,"column":25}},{"start":{"line":29,"column":29},"end":{"line":29,"column":50}}],"line":29},"5":{"loc":{"start":{"line":30,"column":17},"end":{"line":30,"column":42}},"type":"cond-expr","locations":[{"start":{"line":30,"column":31},"end":{"line":30,"column":35}},{"start":{"line":30,"column":38},"end":{"line":30,"column":42}}],"line":30},"6":{"loc":{"start":{"line":31,"column":23},"end":{"line":31,"column":39}},"type":"binary-expr","locations":[{"start":{"line":31,"column":23},"end":{"line":31,"column":33}},{"start":{"line":31,"column":37},"end":{"line":31,"column":39}}],"line":31},"7":{"loc":{"start":{"line":35,"column":44},"end":{"line":35,"column":61}},"type":"default-arg","locations":[{"start":{"line":35,"column":51},"end":{"line":35,"column":61}}],"line":35},"8":{"loc":{"start":{"line":37,"column":27},"end":{"line":37,"column":63}},"type":"binary-expr","locations":[{"start":{"line":37,"column":27},"end":{"line":37,"column":57}},{"start":{"line":37,"column":61},"end":{"line":37,"column":63}}],"line":37},"9":{"loc":{"start":{"line":38,"column":25},"end":{"line":38,"column":59}},"type":"binary-expr","locations":[{"start":{"line":38,"column":25},"end":{"line":38,"column":53}},{"start":{"line":38,"column":57},"end":{"line":38,"column":59}}],"line":38},"10":{"loc":{"start":{"line":40,"column":2},"end":{"line":46,"column":3}},"type":"if","locations":[{"start":{"line":40,"column":2},"end":{"line":46,"column":3}},{"start":{},"end":{}}],"line":40},"11":{"loc":{"start":{"line":41,"column":4},"end":{"line":43,"column":22}},"type":"binary-expr","locations":[{"start":{"line":41,"column":4},"end":{"line":41,"column":43}},{"start":{"line":42,"column":4},"end":{"line":42,"column":24}},{"start":{"line":43,"column":4},"end":{"line":43,"column":22}}],"line":41},"12":{"loc":{"start":{"line":53,"column":4},"end":{"line":57,"column":31}},"type":"binary-expr","locations":[{"start":{"line":53,"column":4},"end":{"line":53,"column":33}},{"start":{"line":54,"column":4},"end":{"line":54,"column":31}},{"start":{"line":55,"column":4},"end":{"line":55,"column":29}},{"start":{"line":56,"column":4},"end":{"line":56,"column":34}},{"start":{"line":57,"column":4},"end":{"line":57,"column":31}}],"line":53},"13":{"loc":{"start":{"line":63,"column":2},"end":{"line":69,"column":3}},"type":"if","locations":[{"start":{"line":63,"column":2},"end":{"line":69,"column":3}},{"start":{},"end":{}}],"line":63},"14":{"loc":{"start":{"line":64,"column":4},"end":{"line":66,"column":33}},"type":"binary-expr","locations":[{"start":{"line":64,"column":4},"end":{"line":64,"column":16}},{"start":{"line":65,"column":4},"end":{"line":65,"column":35}},{"start":{"line":66,"column":4},"end":{"line":66,"column":33}}],"line":64},"15":{"loc":{"start":{"line":72,"column":4},"end":{"line":78,"column":62}},"type":"cond-expr","locations":[{"start":{"line":73,"column":8},"end":{"line":73,"column":15}},{"start":{"line":74,"column":8},"end":{"line":78,"column":62}}],"line":72},"16":{"loc":{"start":{"line":74,"column":8},"end":{"line":78,"column":62}},"type":"cond-expr","locations":[{"start":{"line":75,"column":10},"end":{"line":75,"column":17}},{"start":{"line":76,"column":10},"end":{"line":78,"column":62}}],"line":74},"17":{"loc":{"start":{"line":76,"column":10},"end":{"line":78,"column":62}},"type":"cond-expr","locations":[{"start":{"line":77,"column":12},"end":{"line":77,"column":37}},{"start":{"line":78,"column":12},"end":{"line":78,"column":62}}],"line":76}},"s":{"0":2,"1":2,"2":9,"3":9,"4":2,"5":2,"6":1,"7":9,"8":63,"9":2,"10":7,"11":0,"12":7,"13":7,"14":0,"15":7,"16":7,"17":7,"18":2,"19":4,"20":4,"21":4,"22":4,"23":2,"24":2,"25":2,"26":2,"27":2,"28":2,"29":3,"30":3,"31":1,"32":2,"33":3},"f":{"0":9,"1":63,"2":7,"3":4,"4":3},"b":{"0":[2,7],"1":[63,56],"2":[0,7],"3":[0,7],"4":[7,7],"5":[4,3],"6":[7,2],"7":[4],"8":[4,0],"9":[4,0],"10":[2,2],"11":[4,2,2],"12":[2,2,2,2,2],"13":[1,2],"14":[3,2,2],"15":[0,2],"16":[1,1],"17":[1,0]},"meta":{"lastBranch":18,"lastFunction":5,"lastStatement":34,"seen":{"s:1:24:9:1":0,"s:11:29:24:1":1,"f:11:29:11:30":0,"s:12:19:12:23":2,"b:13:2:19:3:undefined:undefined:undefined:undefined":0,"s:13:2:19:3":3,"s:14:4:18:5":4,"s:15:6:15:36":5,"s:17:6:17:22":6,"s:21:2:23:4":7,"f:22:4:22:5":1,"s:22:13:22:66":8,"b:22:13:22:38:22:42:22:66":1,"s:26:26:33:1":9,"f:26:26:26:27":2,"b:27:2:27:23:undefined:undefined:undefined:undefined":2,"s:27:2:27:23":10,"s:27:13:27:23":11,"s:28:27:28:62":12,"b:29:2:29:62:undefined:undefined:undefined:undefined":3,"s:29:2:29:62":13,"b:29:6:29:25:29:29:29:50":4,"s:29:52:29:62":14,"s:30:17:30:42":15,"b:30:31:30:35:30:38:30:42":5,"s:31:23:31:39":16,"b:31:23:31:33:31:37:31:39":6,"s:32:2:32:73":17,"s:35:32:59:1":18,"f:35:32:35:33":3,"b:35:51:35:61":7,"s:36:15:36:54":19,"s:37:20:37:75":20,"b:37:27:37:57:37:61:37:63":8,"s:38:18:38:71":21,"b:38:25:38:53:38:57:38:59":9,"b:40:2:46:3:undefined:undefined:undefined:undefined":10,"s:40:2:46:3":22,"b:41:4:41:43:42:4:42:24:43:4:43:22":11,"s:45:4:45:17":23,"s:48:25:48:65":24,"s:49:23:49:71":25,"s:50:21:50:65":26,"s:52:2:58:4":27,"b:53:4:53:33:54:4:54:31:55:4:55:29:56:4:56:34:57:4:57:31":12,"s:61:30:81:1":28,"f:61:30:61:31":4,"s:62:15:62:54":29,"b:63:2:69:3:undefined:undefined:undefined:undefined":13,"s:63:2:69:3":30,"b:64:4:64:16:65:4:65:35:66:4:66:33":14,"s:68:4:68:30":31,"s:72:4:78:62":32,"b:73:8:73:15:74:8:78:62":15,"b:75:10:75:17:76:10:78:62":16,"b:77:12:77:37:78:12:78:62":17,"s:80:2:80:115":33},"fnNames":{}}}
}
