{"C:\\Users\\Karl\\OneDrive\\Desktop\\ClassFlow\\backend\\src\\app.js": {"path":"C:\\Users\\Karl\\OneDrive\\Desktop\\ClassFlow\\backend\\src\\app.js","statementMap":{"0":{"start":{"line":14,"column":12},"end":{"line":14,"column":21}},"1":{"start":{"line":16,"column":0},"end":{"line":21,"column":2}},"2":{"start":{"line":22,"column":0},"end":{"line":22,"column":20}},"3":{"start":{"line":23,"column":0},"end":{"line":23,"column":24}},"4":{"start":{"line":24,"column":0},"end":{"line":24,"column":24}},"5":{"start":{"line":26,"column":0},"end":{"line":26,"column":47}},"6":{"start":{"line":29,"column":0},"end":{"line":29,"column":33}},"7":{"start":{"line":32,"column":0},"end":{"line":32,"column":37}},"8":{"start":{"line":33,"column":0},"end":{"line":33,"column":46}},"9":{"start":{"line":34,"column":0},"end":{"line":34,"column":46}},"10":{"start":{"line":35,"column":0},"end":{"line":35,"column":46}},"11":{"start":{"line":36,"column":0},"end":{"line":36,"column":38}},"12":{"start":{"line":39,"column":0},"end":{"line":41,"column":3}},"13":{"start":{"line":40,"column":2},"end":{"line":40,"column":30}},"14":{"start":{"line":43,"column":0},"end":{"line":43,"column":22}}},"fnMap":{"0":{"name":"(anonymous_0)","decl":{"start":{"line":39,"column":13},"end":{"line":39,"column":14}},"loc":{"start":{"line":39,"column":27},"end":{"line":41,"column":1}},"line":39}},"branchMap":{},"s":{"0":2,"1":2,"2":2,"3":2,"4":2,"5":2,"6":2,"7":2,"8":2,"9":2,"10":2,"11":2,"12":2,"13":1,"14":2},"f":{"0":1},"b":{},"meta":{"lastBranch":0,"lastFunction":1,"lastStatement":15,"seen":{"s:14:12:14:21":0,"s:16:0:21:2":1,"s:22:0:22:20":2,"s:23:0:23:24":3,"s:24:0:24:24":4,"s:26:0:26:47":5,"s:29:0:29:33":6,"s:32:0:32:37":7,"s:33:0:33:46":8,"s:34:0:34:46":9,"s:35:0:35:46":10,"s:36:0:36:38":11,"s:39:0:41:3":12,"f:39:13:39:14":0,"s:40:2:40:30":13,"s:43:0:43:22":14},"fnNames":{}}}
,"C:\\Users\\Karl\\OneDrive\\Desktop\\ClassFlow\\backend\\src\\config\\db.js": {"path":"C:\\Users\\Karl\\OneDrive\\Desktop\\ClassFlow\\backend\\src\\config\\db.js","statementMap":{"0":{"start":{"line":3,"column":13},"end":{"line":11,"column":2}},"1":{"start":{"line":13,"column":36},"end":{"line":27,"column":1}},"2":{"start":{"line":14,"column":20},"end":{"line":22,"column":3}},"3":{"start":{"line":24,"column":2},"end":{"line":26,"column":3}},"4":{"start":{"line":25,"column":4},"end":{"line":25,"column":80}},"5":{"start":{"line":29,"column":46},"end":{"line":46,"column":1}},"6":{"start":{"line":30,"column":2},"end":{"line":45,"column":5}}},"fnMap":{"0":{"name":"(anonymous_0)","decl":{"start":{"line":13,"column":36},"end":{"line":13,"column":41}},"loc":{"start":{"line":13,"column":48},"end":{"line":27,"column":1}},"line":13},"1":{"name":"(anonymous_1)","decl":{"start":{"line":29,"column":46},"end":{"line":29,"column":51}},"loc":{"start":{"line":29,"column":58},"end":{"line":46,"column":1}},"line":29}},"branchMap":{"0":{"loc":{"start":{"line":24,"column":2},"end":{"line":26,"column":3}},"type":"if","locations":[{"start":{"line":24,"column":2},"end":{"line":26,"column":3}},{"start":{},"end":{}}],"line":24}},"s":{"0":1,"1":1,"2":0,"3":0,"4":0,"5":1,"6":0},"f":{"0":0,"1":0},"b":{"0":[0,0]},"meta":{"lastBranch":1,"lastFunction":2,"lastStatement":7,"seen":{"s:3:13:11:2":0,"s:13:36:27:1":1,"f:13:36:13:41":0,"s:14:20:22:3":2,"b:24:2:26:3:undefined:undefined:undefined:undefined":0,"s:24:2:26:3":3,"s:25:4:25:80":4,"s:29:46:46:1":5,"f:29:46:29:51":1,"s:30:2:45:5":6},"fnNames":{}}}
,"C:\\Users\\Karl\\OneDrive\\Desktop\\ClassFlow\\backend\\src\\config\\env.js": {"path":"C:\\Users\\Karl\\OneDrive\\Desktop\\ClassFlow\\backend\\src\\config\\env.js","statementMap":{"0":{"start":{"line":3,"column":0},"end":{"line":3,"column":16}}},"fnMap":{},"branchMap":{},"s":{"0":2},"f":{},"b":{},"meta":{"lastBranch":0,"lastFunction":0,"lastStatement":1,"seen":{"s:3:0:3:16":0},"fnNames":{}}}
,"C:\\Users\\Karl\\OneDrive\\Desktop\\ClassFlow\\backend\\src\\controllers\\assignmentController.js": {"path":"C:\\Users\\Karl\\OneDrive\\Desktop\\ClassFlow\\backend\\src\\controllers\\assignmentController.js","statementMap":{"0":{"start":{"line":14,"column":37},"end":{"line":21,"column":2}},"1":{"start":{"line":15,"column":22},"end":{"line":15,"column":66}},"2":{"start":{"line":17,"column":2},"end":{"line":20,"column":5}},"3":{"start":{"line":23,"column":35},"end":{"line":30,"column":2}},"4":{"start":{"line":24,"column":22},"end":{"line":24,"column":64}},"5":{"start":{"line":26,"column":2},"end":{"line":29,"column":5}},"6":{"start":{"line":32,"column":44},"end":{"line":42,"column":1}},"7":{"start":{"line":34,"column":24},"end":{"line":34,"column":34}},"8":{"start":{"line":35,"column":24},"end":{"line":35,"column":61}},"9":{"start":{"line":37,"column":4},"end":{"line":40,"column":7}},"10":{"start":{"line":44,"column":41},"end":{"line":59,"column":2}},"11":{"start":{"line":45,"column":21},"end":{"line":49,"column":4}},"12":{"start":{"line":51,"column":2},"end":{"line":53,"column":3}},"13":{"start":{"line":52,"column":4},"end":{"line":52,"column":53}},"14":{"start":{"line":55,"column":2},"end":{"line":58,"column":5}},"15":{"start":{"line":61,"column":43},"end":{"line":76,"column":2}},"16":{"start":{"line":62,"column":21},"end":{"line":66,"column":4}},"17":{"start":{"line":68,"column":2},"end":{"line":70,"column":3}},"18":{"start":{"line":69,"column":4},"end":{"line":69,"column":53}},"19":{"start":{"line":72,"column":2},"end":{"line":75,"column":5}},"20":{"start":{"line":78,"column":32},"end":{"line":107,"column":2}},"21":{"start":{"line":79,"column":42},"end":{"line":79,"column":50}},"22":{"start":{"line":80,"column":22},"end":{"line":80,"column":32}},"23":{"start":{"line":82,"column":2},"end":{"line":87,"column":3}},"24":{"start":{"line":83,"column":4},"end":{"line":86,"column":6}},"25":{"start":{"line":89,"column":25},"end":{"line":89,"column":55}},"26":{"start":{"line":90,"column":24},"end":{"line":92,"column":10}},"27":{"start":{"line":94,"column":21},"end":{"line":101,"column":4}},"28":{"start":{"line":103,"column":2},"end":{"line":106,"column":5}},"29":{"start":{"line":109,"column":32},"end":{"line":143,"column":2}},"30":{"start":{"line":110,"column":42},"end":{"line":110,"column":50}},"31":{"start":{"line":111,"column":36},"end":{"line":111,"column":46}},"32":{"start":{"line":113,"column":2},"end":{"line":115,"column":3}},"33":{"start":{"line":114,"column":4},"end":{"line":114,"column":78}},"34":{"start":{"line":117,"column":29},"end":{"line":121,"column":4}},"35":{"start":{"line":122,"column":2},"end":{"line":124,"column":3}},"36":{"start":{"line":123,"column":4},"end":{"line":123,"column":53}},"37":{"start":{"line":127,"column":4},"end":{"line":127,"column":64}},"38":{"start":{"line":128,"column":24},"end":{"line":130,"column":79}},"39":{"start":{"line":132,"column":2},"end":{"line":140,"column":5}},"40":{"start":{"line":142,"column":2},"end":{"line":142,"column":79}},"41":{"start":{"line":145,"column":32},"end":{"line":156,"column":2}},"42":{"start":{"line":146,"column":22},"end":{"line":149,"column":4}},"43":{"start":{"line":151,"column":2},"end":{"line":153,"column":3}},"44":{"start":{"line":152,"column":4},"end":{"line":152,"column":53}},"45":{"start":{"line":155,"column":2},"end":{"line":155,"column":79}}},"fnMap":{"0":{"name":"(anonymous_0)","decl":{"start":{"line":14,"column":50},"end":{"line":14,"column":55}},"loc":{"start":{"line":14,"column":70},"end":{"line":21,"column":1}},"line":14},"1":{"name":"(anonymous_1)","decl":{"start":{"line":23,"column":48},"end":{"line":23,"column":53}},"loc":{"start":{"line":23,"column":68},"end":{"line":30,"column":1}},"line":23},"2":{"name":"(anonymous_2)","decl":{"start":{"line":33,"column":2},"end":{"line":33,"column":7}},"loc":{"start":{"line":33,"column":28},"end":{"line":41,"column":3}},"line":33},"3":{"name":"(anonymous_3)","decl":{"start":{"line":44,"column":54},"end":{"line":44,"column":59}},"loc":{"start":{"line":44,"column":74},"end":{"line":59,"column":1}},"line":44},"4":{"name":"(anonymous_4)","decl":{"start":{"line":61,"column":56},"end":{"line":61,"column":61}},"loc":{"start":{"line":61,"column":76},"end":{"line":76,"column":1}},"line":61},"5":{"name":"(anonymous_5)","decl":{"start":{"line":78,"column":45},"end":{"line":78,"column":50}},"loc":{"start":{"line":78,"column":65},"end":{"line":107,"column":1}},"line":78},"6":{"name":"(anonymous_6)","decl":{"start":{"line":109,"column":45},"end":{"line":109,"column":50}},"loc":{"start":{"line":109,"column":65},"end":{"line":143,"column":1}},"line":109},"7":{"name":"(anonymous_7)","decl":{"start":{"line":145,"column":45},"end":{"line":145,"column":50}},"loc":{"start":{"line":145,"column":65},"end":{"line":156,"column":1}},"line":145}},"branchMap":{"0":{"loc":{"start":{"line":51,"column":2},"end":{"line":53,"column":3}},"type":"if","locations":[{"start":{"line":51,"column":2},"end":{"line":53,"column":3}},{"start":{},"end":{}}],"line":51},"1":{"loc":{"start":{"line":68,"column":2},"end":{"line":70,"column":3}},"type":"if","locations":[{"start":{"line":68,"column":2},"end":{"line":70,"column":3}},{"start":{},"end":{}}],"line":68},"2":{"loc":{"start":{"line":82,"column":2},"end":{"line":87,"column":3}},"type":"if","locations":[{"start":{"line":82,"column":2},"end":{"line":87,"column":3}},{"start":{},"end":{}}],"line":82},"3":{"loc":{"start":{"line":82,"column":6},"end":{"line":82,"column":68}},"type":"binary-expr","locations":[{"start":{"line":82,"column":6},"end":{"line":82,"column":14}},{"start":{"line":82,"column":18},"end":{"line":82,"column":32}},{"start":{"line":82,"column":36},"end":{"line":82,"column":56}},{"start":{"line":82,"column":60},"end":{"line":82,"column":68}}],"line":82},"4":{"loc":{"start":{"line":89,"column":25},"end":{"line":89,"column":55}},"type":"binary-expr","locations":[{"start":{"line":89,"column":25},"end":{"line":89,"column":47}},{"start":{"line":89,"column":51},"end":{"line":89,"column":55}}],"line":89},"5":{"loc":{"start":{"line":90,"column":24},"end":{"line":92,"column":10}},"type":"cond-expr","locations":[{"start":{"line":91,"column":6},"end":{"line":91,"column":49}},{"start":{"line":92,"column":6},"end":{"line":92,"column":10}}],"line":90},"6":{"loc":{"start":{"line":113,"column":2},"end":{"line":115,"column":3}},"type":"if","locations":[{"start":{"line":113,"column":2},"end":{"line":115,"column":3}},{"start":{},"end":{}}],"line":113},"7":{"loc":{"start":{"line":113,"column":6},"end":{"line":113,"column":56}},"type":"binary-expr","locations":[{"start":{"line":113,"column":6},"end":{"line":113,"column":20}},{"start":{"line":113,"column":24},"end":{"line":113,"column":44}},{"start":{"line":113,"column":48},"end":{"line":113,"column":56}}],"line":113},"8":{"loc":{"start":{"line":122,"column":2},"end":{"line":124,"column":3}},"type":"if","locations":[{"start":{"line":122,"column":2},"end":{"line":124,"column":3}},{"start":{},"end":{}}],"line":122},"9":{"loc":{"start":{"line":127,"column":4},"end":{"line":127,"column":64}},"type":"binary-expr","locations":[{"start":{"line":127,"column":4},"end":{"line":127,"column":26}},{"start":{"line":127,"column":30},"end":{"line":127,"column":64}}],"line":127},"10":{"loc":{"start":{"line":128,"column":24},"end":{"line":130,"column":79}},"type":"cond-expr","locations":[{"start":{"line":129,"column":6},"end":{"line":129,"column":49}},{"start":{"line":130,"column":7},"end":{"line":130,"column":78}}],"line":128},"11":{"loc":{"start":{"line":130,"column":7},"end":{"line":130,"column":78}},"type":"binary-expr","locations":[{"start":{"line":130,"column":7},"end":{"line":130,"column":40}},{"start":{"line":130,"column":44},"end":{"line":130,"column":78}}],"line":130},"12":{"loc":{"start":{"line":151,"column":2},"end":{"line":153,"column":3}},"type":"if","locations":[{"start":{"line":151,"column":2},"end":{"line":153,"column":3}},{"start":{},"end":{}}],"line":151}},"s":{"0":2,"1":0,"2":0,"3":2,"4":0,"5":0,"6":2,"7":0,"8":0,"9":0,"10":2,"11":0,"12":0,"13":0,"14":0,"15":2,"16":0,"17":0,"18":0,"19":0,"20":2,"21":0,"22":0,"23":0,"24":0,"25":0,"26":0,"27":0,"28":0,"29":2,"30":0,"31":0,"32":0,"33":0,"34":0,"35":0,"36":0,"37":0,"38":0,"39":0,"40":0,"41":2,"42":0,"43":0,"44":0,"45":0},"f":{"0":0,"1":0,"2":0,"3":0,"4":0,"5":0,"6":0,"7":0},"b":{"0":[0,0],"1":[0,0],"2":[0,0],"3":[0,0,0,0],"4":[0,0],"5":[0,0],"6":[0,0],"7":[0,0,0],"8":[0,0],"9":[0,0],"10":[0,0],"11":[0,0],"12":[0,0]},"meta":{"lastBranch":13,"lastFunction":8,"lastStatement":46,"seen":{"s:14:37:21:2":0,"f:14:50:14:55":0,"s:15:22:15:66":1,"s:17:2:20:5":2,"s:23:35:30:2":3,"f:23:48:23:53":1,"s:24:22:24:64":4,"s:26:2:29:5":5,"s:32:44:42:1":6,"f:33:2:33:7":2,"s:34:24:34:34":7,"s:35:24:35:61":8,"s:37:4:40:7":9,"s:44:41:59:2":10,"f:44:54:44:59":3,"s:45:21:49:4":11,"b:51:2:53:3:undefined:undefined:undefined:undefined":0,"s:51:2:53:3":12,"s:52:4:52:53":13,"s:55:2:58:5":14,"s:61:43:76:2":15,"f:61:56:61:61":4,"s:62:21:66:4":16,"b:68:2:70:3:undefined:undefined:undefined:undefined":1,"s:68:2:70:3":17,"s:69:4:69:53":18,"s:72:2:75:5":19,"s:78:32:107:2":20,"f:78:45:78:50":5,"s:79:42:79:50":21,"s:80:22:80:32":22,"b:82:2:87:3:undefined:undefined:undefined:undefined":2,"s:82:2:87:3":23,"b:82:6:82:14:82:18:82:32:82:36:82:56:82:60:82:68":3,"s:83:4:86:6":24,"s:89:25:89:55":25,"b:89:25:89:47:89:51:89:55":4,"s:90:24:92:10":26,"b:91:6:91:49:92:6:92:10":5,"s:94:21:101:4":27,"s:103:2:106:5":28,"s:109:32:143:2":29,"f:109:45:109:50":6,"s:110:42:110:50":30,"s:111:36:111:46":31,"b:113:2:115:3:undefined:undefined:undefined:undefined":6,"s:113:2:115:3":32,"b:113:6:113:20:113:24:113:44:113:48:113:56":7,"s:114:4:114:78":33,"s:117:29:121:4":34,"b:122:2:124:3:undefined:undefined:undefined:undefined":8,"s:122:2:124:3":35,"s:123:4:123:53":36,"s:127:4:127:64":37,"b:127:4:127:26:127:30:127:64":9,"s:128:24:130:79":38,"b:129:6:129:49:130:7:130:78":10,"b:130:7:130:40:130:44:130:78":11,"s:132:2:140:5":39,"s:142:2:142:79":40,"s:145:32:156:2":41,"f:145:45:145:50":7,"s:146:22:149:4":42,"b:151:2:153:3:undefined:undefined:undefined:undefined":12,"s:151:2:153:3":43,"s:152:4:152:53":44,"s:155:2:155:79":45},"fnNames":{}}}
,"C:\\Users\\Karl\\OneDrive\\Desktop\\ClassFlow\\backend\\src\\controllers\\authController.js": {"path":"C:\\Users\\Karl\\OneDrive\\Desktop\\ClassFlow\\backend\\src\\controllers\\authController.js","statementMap":{"0":{"start":{"line":39,"column":24},"end":{"line":62,"column":null}},"1":{"start":{"line":40,"column":36},"end":{"line":40,"column":null}},"2":{"start":{"line":42,"column":2},"end":{"line":44,"column":null}},"3":{"start":{"line":43,"column":4},"end":{"line":43,"column":null}},"4":{"start":{"line":46,"column":23},"end":{"line":46,"column":null}},"5":{"start":{"line":49,"column":2},"end":{"line":51,"column":null}},"6":{"start":{"line":50,"column":4},"end":{"line":50,"column":null}},"7":{"start":{"line":53,"column":25},"end":{"line":53,"column":null}},"8":{"start":{"line":54,"column":2},"end":{"line":59,"column":null}},"9":{"start":{"line":61,"column":2},"end":{"line":61,"column":null}},"10":{"start":{"line":64,"column":27},"end":{"line":93,"column":null}},"11":{"start":{"line":65,"column":36},"end":{"line":65,"column":null}},"12":{"start":{"line":66,"column":23},"end":{"line":66,"column":null}},"13":{"start":{"line":68,"column":2},"end":{"line":70,"column":null}},"14":{"start":{"line":69,"column":4},"end":{"line":69,"column":null}},"15":{"start":{"line":72,"column":25},"end":{"line":72,"column":null}},"16":{"start":{"line":74,"column":2},"end":{"line":86,"column":null}},"17":{"start":{"line":75,"column":4},"end":{"line":80,"column":null}},"18":{"start":{"line":82,"column":4},"end":{"line":84,"column":null}},"19":{"start":{"line":83,"column":6},"end":{"line":83,"column":null}},"20":{"start":{"line":85,"column":4},"end":{"line":85,"column":null}},"21":{"start":{"line":87,"column":15},"end":{"line":87,"column":null}},"22":{"start":{"line":89,"column":2},"end":{"line":92,"column":null}},"23":{"start":{"line":96,"column":2},"end":{"line":96,"column":null}},"24":{"start":{"line":98,"column":30},"end":{"line":129,"column":null}},"25":{"start":{"line":99,"column":15},"end":{"line":99,"column":null}},"26":{"start":{"line":101,"column":2},"end":{"line":126,"column":null}},"27":{"start":{"line":102,"column":21},"end":{"line":102,"column":null}},"28":{"start":{"line":103,"column":22},"end":{"line":103,"column":null}},"29":{"start":{"line":104,"column":22},"end":{"line":104,"column":null}},"30":{"start":{"line":105,"column":4},"end":{"line":109,"column":null}},"31":{"start":{"line":111,"column":21},"end":{"line":111,"column":null}},"32":{"start":{"line":112,"column":4},"end":{"line":116,"column":null}},"33":{"start":{"line":113,"column":6},"end":{"line":113,"column":null}},"34":{"start":{"line":115,"column":6},"end":{"line":115,"column":null}},"35":{"start":{"line":117,"column":9},"end":{"line":126,"column":null}},"36":{"start":{"line":118,"column":4},"end":{"line":125,"column":null}},"37":{"start":{"line":119,"column":6},"end":{"line":119,"column":null}},"38":{"start":{"line":121,"column":6},"end":{"line":124,"column":null}},"39":{"start":{"line":128,"column":2},"end":{"line":128,"column":null}},"40":{"start":{"line":131,"column":29},"end":{"line":146,"column":null}},"41":{"start":{"line":132,"column":25},"end":{"line":132,"column":null}},"42":{"start":{"line":133,"column":17},"end":{"line":136,"column":null}},"43":{"start":{"line":138,"column":2},"end":{"line":143,"column":null}},"44":{"start":{"line":139,"column":4},"end":{"line":142,"column":null}},"45":{"start":{"line":145,"column":2},"end":{"line":145,"column":null}},"46":{"start":{"line":151,"column":21},"end":{"line":207,"column":null}},"47":{"start":{"line":152,"column":30},"end":{"line":152,"column":null}},"48":{"start":{"line":154,"column":2},"end":{"line":156,"column":null}},"49":{"start":{"line":155,"column":4},"end":{"line":155,"column":null}},"50":{"start":{"line":158,"column":15},"end":{"line":158,"column":null}},"51":{"start":{"line":160,"column":2},"end":{"line":162,"column":null}},"52":{"start":{"line":161,"column":4},"end":{"line":161,"column":null}},"53":{"start":{"line":164,"column":26},"end":{"line":164,"column":null}},"54":{"start":{"line":166,"column":2},"end":{"line":168,"column":null}},"55":{"start":{"line":167,"column":4},"end":{"line":167,"column":null}},"56":{"start":{"line":170,"column":22},"end":{"line":176,"column":null}},"57":{"start":{"line":178,"column":23},"end":{"line":184,"column":null}},"58":{"start":{"line":186,"column":29},"end":{"line":186,"column":null}},"59":{"start":{"line":187,"column":2},"end":{"line":187,"column":null}},"60":{"start":{"line":189,"column":2},"end":{"line":194,"column":null}},"61":{"start":{"line":196,"column":2},"end":{"line":201,"column":null}},"62":{"start":{"line":203,"column":44},"end":{"line":203,"column":null}},"63":{"start":{"line":204,"column":2},"end":{"line":206,"column":null}},"64":{"start":{"line":211,"column":21},"end":{"line":211,"column":null}},"65":{"start":{"line":213,"column":27},"end":{"line":324,"column":null}},"66":{"start":{"line":214,"column":25},"end":{"line":214,"column":null}},"67":{"start":{"line":216,"column":2},"end":{"line":218,"column":null}},"68":{"start":{"line":217,"column":4},"end":{"line":217,"column":null}},"69":{"start":{"line":220,"column":17},"end":{"line":223,"column":null}},"70":{"start":{"line":225,"column":18},"end":{"line":225,"column":null}},"71":{"start":{"line":227,"column":2},"end":{"line":229,"column":null}},"72":{"start":{"line":228,"column":4},"end":{"line":228,"column":null}},"73":{"start":{"line":236,"column":6},"end":{"line":236,"column":null}},"74":{"start":{"line":238,"column":2},"end":{"line":240,"column":null}},"75":{"start":{"line":239,"column":4},"end":{"line":239,"column":null}},"76":{"start":{"line":243,"column":21},"end":{"line":243,"column":null}},"77":{"start":{"line":247,"column":2},"end":{"line":283,"column":null}},"78":{"start":{"line":249,"column":4},"end":{"line":249,"column":null}},"79":{"start":{"line":251,"column":4},"end":{"line":253,"column":null}},"80":{"start":{"line":252,"column":6},"end":{"line":252,"column":null}},"81":{"start":{"line":256,"column":4},"end":{"line":256,"column":null}},"82":{"start":{"line":258,"column":4},"end":{"line":282,"column":null}},"83":{"start":{"line":260,"column":6},"end":{"line":264,"column":null}},"84":{"start":{"line":267,"column":21},"end":{"line":272,"column":null}},"85":{"start":{"line":274,"column":6},"end":{"line":274,"column":null}},"86":{"start":{"line":277,"column":6},"end":{"line":281,"column":null}},"87":{"start":{"line":286,"column":22},"end":{"line":292,"column":null}},"88":{"start":{"line":294,"column":23},"end":{"line":300,"column":null}},"89":{"start":{"line":302,"column":29},"end":{"line":302,"column":null}},"90":{"start":{"line":304,"column":2},"end":{"line":304,"column":null}},"91":{"start":{"line":306,"column":2},"end":{"line":311,"column":null}},"92":{"start":{"line":313,"column":2},"end":{"line":318,"column":null}},"93":{"start":{"line":320,"column":2},"end":{"line":323,"column":null}},"94":{"start":{"line":326,"column":21},"end":{"line":336,"column":null}},"95":{"start":{"line":327,"column":15},"end":{"line":327,"column":null}},"96":{"start":{"line":329,"column":2},"end":{"line":331,"column":null}},"97":{"start":{"line":330,"column":4},"end":{"line":330,"column":null}},"98":{"start":{"line":333,"column":2},"end":{"line":335,"column":null}},"99":{"start":{"line":338,"column":26},"end":{"line":348,"column":null}},"100":{"start":{"line":339,"column":15},"end":{"line":339,"column":null}},"101":{"start":{"line":341,"column":2},"end":{"line":343,"column":null}},"102":{"start":{"line":342,"column":4},"end":{"line":342,"column":null}},"103":{"start":{"line":345,"column":2},"end":{"line":347,"column":null}},"104":{"start":{"line":350,"column":29},"end":{"line":364,"column":null}},"105":{"start":{"line":351,"column":2},"end":{"line":358,"column":null}},"106":{"start":{"line":352,"column":4},"end":{"line":352,"column":null}},"107":{"start":{"line":354,"column":4},"end":{"line":356,"column":null}},"108":{"start":{"line":355,"column":6},"end":{"line":355,"column":null}},"109":{"start":{"line":357,"column":4},"end":{"line":357,"column":null}},"110":{"start":{"line":360,"column":15},"end":{"line":360,"column":null}},"111":{"start":{"line":361,"column":2},"end":{"line":363,"column":null}},"112":{"start":{"line":366,"column":30},"end":{"line":386,"column":null}},"113":{"start":{"line":367,"column":15},"end":{"line":367,"column":null}},"114":{"start":{"line":369,"column":2},"end":{"line":371,"column":null}},"115":{"start":{"line":370,"column":4},"end":{"line":370,"column":null}},"116":{"start":{"line":373,"column":33},"end":{"line":376,"column":null}},"117":{"start":{"line":378,"column":2},"end":{"line":380,"column":null}},"118":{"start":{"line":379,"column":4},"end":{"line":379,"column":null}},"119":{"start":{"line":382,"column":25},"end":{"line":382,"column":null}},"120":{"start":{"line":383,"column":2},"end":{"line":383,"column":null}},"121":{"start":{"line":385,"column":2},"end":{"line":385,"column":null}},"122":{"start":{"line":388,"column":27},"end":{"line":395,"column":null}},"123":{"start":{"line":389,"column":19},"end":{"line":389,"column":38}},"124":{"start":{"line":391,"column":2},"end":{"line":394,"column":null}},"125":{"start":{"line":397,"column":22},"end":{"line":419,"column":null}},"126":{"start":{"line":398,"column":27},"end":{"line":398,"column":null}},"127":{"start":{"line":400,"column":2},"end":{"line":402,"column":null}},"128":{"start":{"line":401,"column":4},"end":{"line":401,"column":null}},"129":{"start":{"line":404,"column":18},"end":{"line":404,"column":null}},"130":{"start":{"line":405,"column":2},"end":{"line":405,"column":null}},"131":{"start":{"line":407,"column":2},"end":{"line":411,"column":null}},"132":{"start":{"line":412,"column":2},"end":{"line":416,"column":null}},"133":{"start":{"line":418,"column":2},"end":{"line":418,"column":null}},"134":{"start":{"line":421,"column":23},"end":{"line":485,"column":null}},"135":{"start":{"line":422,"column":27},"end":{"line":422,"column":null}},"136":{"start":{"line":424,"column":2},"end":{"line":426,"column":null}},"137":{"start":{"line":425,"column":4},"end":{"line":425,"column":null}},"138":{"start":{"line":428,"column":18},"end":{"line":428,"column":null}},"139":{"start":{"line":430,"column":2},"end":{"line":432,"column":null}},"140":{"start":{"line":431,"column":4},"end":{"line":431,"column":null}},"141":{"start":{"line":434,"column":15},"end":{"line":434,"column":null}},"142":{"start":{"line":436,"column":2},"end":{"line":438,"column":null}},"143":{"start":{"line":437,"column":4},"end":{"line":437,"column":null}},"144":{"start":{"line":440,"column":35},"end":{"line":440,"column":null}},"145":{"start":{"line":441,"column":29},"end":{"line":441,"column":null}},"146":{"start":{"line":443,"column":2},"end":{"line":448,"column":null}},"147":{"start":{"line":447,"column":4},"end":{"line":447,"column":null}},"148":{"start":{"line":450,"column":25},"end":{"line":456,"column":null}},"149":{"start":{"line":458,"column":26},"end":{"line":464,"column":null}},"150":{"start":{"line":466,"column":32},"end":{"line":466,"column":null}},"151":{"start":{"line":468,"column":2},"end":{"line":468,"column":null}},"152":{"start":{"line":470,"column":2},"end":{"line":475,"column":null}},"153":{"start":{"line":477,"column":2},"end":{"line":482,"column":null}},"154":{"start":{"line":484,"column":2},"end":{"line":484,"column":null}},"155":{"start":{"line":487,"column":28},"end":{"line":489,"column":null}},"156":{"start":{"line":488,"column":2},"end":{"line":488,"column":null}}},"fnMap":{"0":{"name":"(anonymous_0)","decl":{"start":{"line":39,"column":37},"end":{"line":39,"column":44}},"loc":{"start":{"line":39,"column":57},"end":{"line":62,"column":1}},"line":39},"1":{"name":"(anonymous_1)","decl":{"start":{"line":64,"column":40},"end":{"line":64,"column":47}},"loc":{"start":{"line":64,"column":60},"end":{"line":93,"column":1}},"line":64},"2":{"name":"(anonymous_2)","decl":{"start":{"line":98,"column":43},"end":{"line":98,"column":50}},"loc":{"start":{"line":98,"column":63},"end":{"line":129,"column":1}},"line":98},"3":{"name":"(anonymous_3)","decl":{"start":{"line":131,"column":42},"end":{"line":131,"column":49}},"loc":{"start":{"line":131,"column":62},"end":{"line":146,"column":1}},"line":131},"4":{"name":"(anonymous_4)","decl":{"start":{"line":151,"column":34},"end":{"line":151,"column":41}},"loc":{"start":{"line":151,"column":54},"end":{"line":207,"column":1}},"line":151},"5":{"name":"(anonymous_5)","decl":{"start":{"line":213,"column":40},"end":{"line":213,"column":47}},"loc":{"start":{"line":213,"column":60},"end":{"line":324,"column":1}},"line":213},"6":{"name":"(anonymous_6)","decl":{"start":{"line":326,"column":34},"end":{"line":326,"column":41}},"loc":{"start":{"line":326,"column":54},"end":{"line":336,"column":1}},"line":326},"7":{"name":"(anonymous_7)","decl":{"start":{"line":338,"column":39},"end":{"line":338,"column":46}},"loc":{"start":{"line":338,"column":59},"end":{"line":348,"column":1}},"line":338},"8":{"name":"(anonymous_8)","decl":{"start":{"line":350,"column":42},"end":{"line":350,"column":49}},"loc":{"start":{"line":350,"column":62},"end":{"line":364,"column":1}},"line":350},"9":{"name":"(anonymous_9)","decl":{"start":{"line":366,"column":43},"end":{"line":366,"column":50}},"loc":{"start":{"line":366,"column":63},"end":{"line":386,"column":1}},"line":366},"10":{"name":"(anonymous_10)","decl":{"start":{"line":388,"column":40},"end":{"line":388,"column":47}},"loc":{"start":{"line":388,"column":60},"end":{"line":395,"column":1}},"line":388},"11":{"name":"(anonymous_11)","decl":{"start":{"line":397,"column":35},"end":{"line":397,"column":42}},"loc":{"start":{"line":397,"column":55},"end":{"line":419,"column":1}},"line":397},"12":{"name":"(anonymous_12)","decl":{"start":{"line":421,"column":36},"end":{"line":421,"column":43}},"loc":{"start":{"line":421,"column":56},"end":{"line":485,"column":1}},"line":421},"13":{"name":"(anonymous_13)","decl":{"start":{"line":487,"column":41},"end":{"line":487,"column":48}},"loc":{"start":{"line":487,"column":61},"end":{"line":489,"column":1}},"line":487}},"branchMap":{"0":{"loc":{"start":{"line":42,"column":2},"end":{"line":44,"column":null}},"type":"if","locations":[{"start":{"line":42,"column":2},"end":{"line":44,"column":null}},{"start":{},"end":{}}],"line":42},"1":{"loc":{"start":{"line":42,"column":6},"end":{"line":42,"column":36}},"type":"binary-expr","locations":[{"start":{"line":42,"column":6},"end":{"line":42,"column":15}},{"start":{"line":42,"column":15},"end":{"line":42,"column":25}},{"start":{"line":42,"column":25},"end":{"line":42,"column":36}}],"line":42},"2":{"loc":{"start":{"line":49,"column":2},"end":{"line":51,"column":null}},"type":"if","locations":[{"start":{"line":49,"column":2},"end":{"line":51,"column":null}},{"start":{},"end":{}}],"line":49},"3":{"loc":{"start":{"line":68,"column":2},"end":{"line":70,"column":null}},"type":"if","locations":[{"start":{"line":68,"column":2},"end":{"line":70,"column":null}},{"start":{},"end":{}}],"line":68},"4":{"loc":{"start":{"line":82,"column":4},"end":{"line":84,"column":null}},"type":"if","locations":[{"start":{"line":82,"column":4},"end":{"line":84,"column":null}},{"start":{},"end":{}}],"line":82},"5":{"loc":{"start":{"line":101,"column":2},"end":{"line":126,"column":null}},"type":"if","locations":[{"start":{"line":101,"column":2},"end":{"line":126,"column":null}},{"start":{"line":117,"column":9},"end":{"line":126,"column":null}}],"line":101},"6":{"loc":{"start":{"line":117,"column":9},"end":{"line":126,"column":null}},"type":"if","locations":[{"start":{"line":117,"column":9},"end":{"line":126,"column":null}},{"start":{},"end":{}}],"line":117},"7":{"loc":{"start":{"line":138,"column":2},"end":{"line":143,"column":null}},"type":"if","locations":[{"start":{"line":138,"column":2},"end":{"line":143,"column":null}},{"start":{},"end":{}}],"line":138},"8":{"loc":{"start":{"line":154,"column":2},"end":{"line":156,"column":null}},"type":"if","locations":[{"start":{"line":154,"column":2},"end":{"line":156,"column":null}},{"start":{},"end":{}}],"line":154},"9":{"loc":{"start":{"line":154,"column":6},"end":{"line":154,"column":27}},"type":"binary-expr","locations":[{"start":{"line":154,"column":6},"end":{"line":154,"column":16}},{"start":{"line":154,"column":16},"end":{"line":154,"column":27}}],"line":154},"10":{"loc":{"start":{"line":160,"column":2},"end":{"line":162,"column":null}},"type":"if","locations":[{"start":{"line":160,"column":2},"end":{"line":162,"column":null}},{"start":{},"end":{}}],"line":160},"11":{"loc":{"start":{"line":166,"column":2},"end":{"line":168,"column":null}},"type":"if","locations":[{"start":{"line":166,"column":2},"end":{"line":168,"column":null}},{"start":{},"end":{}}],"line":166},"12":{"loc":{"start":{"line":216,"column":2},"end":{"line":218,"column":null}},"type":"if","locations":[{"start":{"line":216,"column":2},"end":{"line":218,"column":null}},{"start":{},"end":{}}],"line":216},"13":{"loc":{"start":{"line":227,"column":2},"end":{"line":229,"column":null}},"type":"if","locations":[{"start":{"line":227,"column":2},"end":{"line":229,"column":null}},{"start":{},"end":{}}],"line":227},"14":{"loc":{"start":{"line":238,"column":2},"end":{"line":240,"column":null}},"type":"if","locations":[{"start":{"line":238,"column":2},"end":{"line":240,"column":null}},{"start":{},"end":{}}],"line":238},"15":{"loc":{"start":{"line":238,"column":6},"end":{"line":238,"column":32}},"type":"binary-expr","locations":[{"start":{"line":238,"column":6},"end":{"line":238,"column":16}},{"start":{"line":238,"column":16},"end":{"line":238,"column":32}}],"line":238},"16":{"loc":{"start":{"line":247,"column":2},"end":{"line":283,"column":null}},"type":"if","locations":[{"start":{"line":247,"column":2},"end":{"line":283,"column":null}},{"start":{"line":254,"column":9},"end":{"line":283,"column":null}}],"line":247},"17":{"loc":{"start":{"line":251,"column":4},"end":{"line":253,"column":null}},"type":"if","locations":[{"start":{"line":251,"column":4},"end":{"line":253,"column":null}},{"start":{},"end":{}}],"line":251},"18":{"loc":{"start":{"line":258,"column":4},"end":{"line":282,"column":null}},"type":"if","locations":[{"start":{"line":258,"column":4},"end":{"line":282,"column":null}},{"start":{"line":265,"column":11},"end":{"line":282,"column":null}}],"line":258},"19":{"loc":{"start":{"line":329,"column":2},"end":{"line":331,"column":null}},"type":"if","locations":[{"start":{"line":329,"column":2},"end":{"line":331,"column":null}},{"start":{},"end":{}}],"line":329},"20":{"loc":{"start":{"line":341,"column":2},"end":{"line":343,"column":null}},"type":"if","locations":[{"start":{"line":341,"column":2},"end":{"line":343,"column":null}},{"start":{},"end":{}}],"line":341},"21":{"loc":{"start":{"line":354,"column":4},"end":{"line":356,"column":null}},"type":"if","locations":[{"start":{"line":354,"column":4},"end":{"line":356,"column":null}},{"start":{},"end":{}}],"line":354},"22":{"loc":{"start":{"line":369,"column":2},"end":{"line":371,"column":null}},"type":"if","locations":[{"start":{"line":369,"column":2},"end":{"line":371,"column":null}},{"start":{},"end":{}}],"line":369},"23":{"loc":{"start":{"line":378,"column":2},"end":{"line":380,"column":null}},"type":"if","locations":[{"start":{"line":378,"column":2},"end":{"line":380,"column":null}},{"start":{},"end":{}}],"line":378},"24":{"loc":{"start":{"line":400,"column":2},"end":{"line":402,"column":null}},"type":"if","locations":[{"start":{"line":400,"column":2},"end":{"line":402,"column":null}},{"start":{},"end":{}}],"line":400},"25":{"loc":{"start":{"line":424,"column":2},"end":{"line":426,"column":null}},"type":"if","locations":[{"start":{"line":424,"column":2},"end":{"line":426,"column":null}},{"start":{},"end":{}}],"line":424},"26":{"loc":{"start":{"line":430,"column":2},"end":{"line":432,"column":null}},"type":"if","locations":[{"start":{"line":430,"column":2},"end":{"line":432,"column":null}},{"start":{},"end":{}}],"line":430},"27":{"loc":{"start":{"line":436,"column":2},"end":{"line":438,"column":null}},"type":"if","locations":[{"start":{"line":436,"column":2},"end":{"line":438,"column":null}},{"start":{},"end":{}}],"line":436},"28":{"loc":{"start":{"line":443,"column":2},"end":{"line":448,"column":null}},"type":"if","locations":[{"start":{"line":443,"column":2},"end":{"line":448,"column":null}},{"start":{},"end":{}}],"line":443},"29":{"loc":{"start":{"line":444,"column":4},"end":{"line":445,"column":null}},"type":"binary-expr","locations":[{"start":{"line":444,"column":4},"end":{"line":444,"column":null}},{"start":{"line":445,"column":4},"end":{"line":445,"column":null}}],"line":444}},"s":{"0":2,"1":0,"2":0,"3":0,"4":0,"5":0,"6":0,"7":0,"8":0,"9":0,"10":2,"11":0,"12":0,"13":0,"14":0,"15":0,"16":0,"17":0,"18":0,"19":0,"20":0,"21":0,"22":0,"23":2,"24":2,"25":0,"26":0,"27":0,"28":0,"29":0,"30":0,"31":0,"32":0,"33":0,"34":0,"35":0,"36":0,"37":0,"38":0,"39":0,"40":2,"41":0,"42":0,"43":0,"44":0,"45":0,"46":2,"47":0,"48":0,"49":0,"50":0,"51":0,"52":0,"53":0,"54":0,"55":0,"56":0,"57":0,"58":0,"59":0,"60":0,"61":0,"62":0,"63":0,"64":2,"65":2,"66":0,"67":0,"68":0,"69":0,"70":0,"71":0,"72":0,"73":0,"74":0,"75":0,"76":0,"77":0,"78":0,"79":0,"80":0,"81":0,"82":0,"83":0,"84":0,"85":0,"86":0,"87":0,"88":0,"89":0,"90":0,"91":0,"92":0,"93":0,"94":2,"95":0,"96":0,"97":0,"98":0,"99":2,"100":0,"101":0,"102":0,"103":0,"104":2,"105":0,"106":0,"107":0,"108":0,"109":0,"110":0,"111":0,"112":2,"113":0,"114":0,"115":0,"116":0,"117":0,"118":0,"119":0,"120":0,"121":0,"122":2,"123":0,"124":0,"125":2,"126":0,"127":0,"128":0,"129":0,"130":0,"131":0,"132":0,"133":0,"134":2,"135":0,"136":0,"137":0,"138":0,"139":0,"140":0,"141":0,"142":0,"143":0,"144":0,"145":0,"146":0,"147":0,"148":0,"149":0,"150":0,"151":0,"152":0,"153":0,"154":0,"155":2,"156":2},"f":{"0":0,"1":0,"2":0,"3":0,"4":0,"5":0,"6":0,"7":0,"8":0,"9":0,"10":0,"11":0,"12":0,"13":2},"b":{"0":[0,0],"1":[0,0,0],"2":[0,0],"3":[0,0],"4":[0,0],"5":[0,0],"6":[0,0],"7":[0,0],"8":[0,0],"9":[0,0],"10":[0,0],"11":[0,0],"12":[0,0],"13":[0,0],"14":[0,0],"15":[0,0],"16":[0,0],"17":[0,0],"18":[0,0],"19":[0,0],"20":[0,0],"21":[0,0],"22":[0,0],"23":[0,0],"24":[0,0],"25":[0,0],"26":[0,0],"27":[0,0],"28":[0,0],"29":[0,0]},"meta":{"lastBranch":30,"lastFunction":14,"lastStatement":157,"seen":{"s:39:24:62:Infinity":0,"f:39:37:39:44":0,"s:40:36:40:Infinity":1,"b:42:2:44:Infinity:undefined:undefined:undefined:undefined":0,"s:42:2:44:Infinity":2,"b:42:6:42:15:42:15:42:25:42:25:42:36":1,"s:43:4:43:Infinity":3,"s:46:23:46:Infinity":4,"b:49:2:51:Infinity:undefined:undefined:undefined:undefined":2,"s:49:2:51:Infinity":5,"s:50:4:50:Infinity":6,"s:53:25:53:Infinity":7,"s:54:2:59:Infinity":8,"s:61:2:61:Infinity":9,"s:64:27:93:Infinity":10,"f:64:40:64:47":1,"s:65:36:65:Infinity":11,"s:66:23:66:Infinity":12,"b:68:2:70:Infinity:undefined:undefined:undefined:undefined":3,"s:68:2:70:Infinity":13,"s:69:4:69:Infinity":14,"s:72:25:72:Infinity":15,"s:74:2:86:Infinity":16,"s:75:4:80:Infinity":17,"b:82:4:84:Infinity:undefined:undefined:undefined:undefined":4,"s:82:4:84:Infinity":18,"s:83:6:83:Infinity":19,"s:85:4:85:Infinity":20,"s:87:15:87:Infinity":21,"s:89:2:92:Infinity":22,"s:96:2:96:Infinity":23,"s:98:30:129:Infinity":24,"f:98:43:98:50":2,"s:99:15:99:Infinity":25,"b:101:2:126:Infinity:117:9:126:Infinity":5,"s:101:2:126:Infinity":26,"s:102:21:102:Infinity":27,"s:103:22:103:Infinity":28,"s:104:22:104:Infinity":29,"s:105:4:109:Infinity":30,"s:111:21:111:Infinity":31,"s:112:4:116:Infinity":32,"s:113:6:113:Infinity":33,"s:115:6:115:Infinity":34,"b:117:9:126:Infinity:undefined:undefined:undefined:undefined":6,"s:117:9:126:Infinity":35,"s:118:4:125:Infinity":36,"s:119:6:119:Infinity":37,"s:121:6:124:Infinity":38,"s:128:2:128:Infinity":39,"s:131:29:146:Infinity":40,"f:131:42:131:49":3,"s:132:25:132:Infinity":41,"s:133:17:136:Infinity":42,"b:138:2:143:Infinity:undefined:undefined:undefined:undefined":7,"s:138:2:143:Infinity":43,"s:139:4:142:Infinity":44,"s:145:2:145:Infinity":45,"s:151:21:207:Infinity":46,"f:151:34:151:41":4,"s:152:30:152:Infinity":47,"b:154:2:156:Infinity:undefined:undefined:undefined:undefined":8,"s:154:2:156:Infinity":48,"b:154:6:154:16:154:16:154:27":9,"s:155:4:155:Infinity":49,"s:158:15:158:Infinity":50,"b:160:2:162:Infinity:undefined:undefined:undefined:undefined":10,"s:160:2:162:Infinity":51,"s:161:4:161:Infinity":52,"s:164:26:164:Infinity":53,"b:166:2:168:Infinity:undefined:undefined:undefined:undefined":11,"s:166:2:168:Infinity":54,"s:167:4:167:Infinity":55,"s:170:22:176:Infinity":56,"s:178:23:184:Infinity":57,"s:186:29:186:Infinity":58,"s:187:2:187:Infinity":59,"s:189:2:194:Infinity":60,"s:196:2:201:Infinity":61,"s:203:44:203:Infinity":62,"s:204:2:206:Infinity":63,"s:211:21:211:Infinity":64,"s:213:27:324:Infinity":65,"f:213:40:213:47":5,"s:214:25:214:Infinity":66,"b:216:2:218:Infinity:undefined:undefined:undefined:undefined":12,"s:216:2:218:Infinity":67,"s:217:4:217:Infinity":68,"s:220:17:223:Infinity":69,"s:225:18:225:Infinity":70,"b:227:2:229:Infinity:undefined:undefined:undefined:undefined":13,"s:227:2:229:Infinity":71,"s:228:4:228:Infinity":72,"s:236:6:236:Infinity":73,"b:238:2:240:Infinity:undefined:undefined:undefined:undefined":14,"s:238:2:240:Infinity":74,"b:238:6:238:16:238:16:238:32":15,"s:239:4:239:Infinity":75,"s:243:21:243:Infinity":76,"b:247:2:283:Infinity:254:9:283:Infinity":16,"s:247:2:283:Infinity":77,"s:249:4:249:Infinity":78,"b:251:4:253:Infinity:undefined:undefined:undefined:undefined":17,"s:251:4:253:Infinity":79,"s:252:6:252:Infinity":80,"s:256:4:256:Infinity":81,"b:258:4:282:Infinity:265:11:282:Infinity":18,"s:258:4:282:Infinity":82,"s:260:6:264:Infinity":83,"s:267:21:272:Infinity":84,"s:274:6:274:Infinity":85,"s:277:6:281:Infinity":86,"s:286:22:292:Infinity":87,"s:294:23:300:Infinity":88,"s:302:29:302:Infinity":89,"s:304:2:304:Infinity":90,"s:306:2:311:Infinity":91,"s:313:2:318:Infinity":92,"s:320:2:323:Infinity":93,"s:326:21:336:Infinity":94,"f:326:34:326:41":6,"s:327:15:327:Infinity":95,"b:329:2:331:Infinity:undefined:undefined:undefined:undefined":19,"s:329:2:331:Infinity":96,"s:330:4:330:Infinity":97,"s:333:2:335:Infinity":98,"s:338:26:348:Infinity":99,"f:338:39:338:46":7,"s:339:15:339:Infinity":100,"b:341:2:343:Infinity:undefined:undefined:undefined:undefined":20,"s:341:2:343:Infinity":101,"s:342:4:342:Infinity":102,"s:345:2:347:Infinity":103,"s:350:29:364:Infinity":104,"f:350:42:350:49":8,"s:351:2:358:Infinity":105,"s:352:4:352:Infinity":106,"b:354:4:356:Infinity:undefined:undefined:undefined:undefined":21,"s:354:4:356:Infinity":107,"s:355:6:355:Infinity":108,"s:357:4:357:Infinity":109,"s:360:15:360:Infinity":110,"s:361:2:363:Infinity":111,"s:366:30:386:Infinity":112,"f:366:43:366:50":9,"s:367:15:367:Infinity":113,"b:369:2:371:Infinity:undefined:undefined:undefined:undefined":22,"s:369:2:371:Infinity":114,"s:370:4:370:Infinity":115,"s:373:33:376:Infinity":116,"b:378:2:380:Infinity:undefined:undefined:undefined:undefined":23,"s:378:2:380:Infinity":117,"s:379:4:379:Infinity":118,"s:382:25:382:Infinity":119,"s:383:2:383:Infinity":120,"s:385:2:385:Infinity":121,"s:388:27:395:Infinity":122,"f:388:40:388:47":10,"s:389:19:389:38":123,"s:391:2:394:Infinity":124,"s:397:22:419:Infinity":125,"f:397:35:397:42":11,"s:398:27:398:Infinity":126,"b:400:2:402:Infinity:undefined:undefined:undefined:undefined":24,"s:400:2:402:Infinity":127,"s:401:4:401:Infinity":128,"s:404:18:404:Infinity":129,"s:405:2:405:Infinity":130,"s:407:2:411:Infinity":131,"s:412:2:416:Infinity":132,"s:418:2:418:Infinity":133,"s:421:23:485:Infinity":134,"f:421:36:421:43":12,"s:422:27:422:Infinity":135,"b:424:2:426:Infinity:undefined:undefined:undefined:undefined":25,"s:424:2:426:Infinity":136,"s:425:4:425:Infinity":137,"s:428:18:428:Infinity":138,"b:430:2:432:Infinity:undefined:undefined:undefined:undefined":26,"s:430:2:432:Infinity":139,"s:431:4:431:Infinity":140,"s:434:15:434:Infinity":141,"b:436:2:438:Infinity:undefined:undefined:undefined:undefined":27,"s:436:2:438:Infinity":142,"s:437:4:437:Infinity":143,"s:440:35:440:Infinity":144,"s:441:29:441:Infinity":145,"b:443:2:448:Infinity:undefined:undefined:undefined:undefined":28,"s:443:2:448:Infinity":146,"b:444:4:444:Infinity:445:4:445:Infinity":29,"s:447:4:447:Infinity":147,"s:450:25:456:Infinity":148,"s:458:26:464:Infinity":149,"s:466:32:466:Infinity":150,"s:468:2:468:Infinity":151,"s:470:2:475:Infinity":152,"s:477:2:482:Infinity":153,"s:484:2:484:Infinity":154,"s:487:28:489:Infinity":155,"f:487:41:487:48":13,"s:488:2:488:Infinity":156},"fnNames":{}}}
,"C:\\Users\\Karl\\OneDrive\\Desktop\\ClassFlow\\backend\\src\\controllers\\classController.js": {"path":"C:\\Users\\Karl\\OneDrive\\Desktop\\ClassFlow\\backend\\src\\controllers\\classController.js","statementMap":{"0":{"start":{"line":12,"column":26},"end":{"line":19,"column":2}},"1":{"start":{"line":13,"column":18},"end":{"line":13,"column":57}},"2":{"start":{"line":15,"column":2},"end":{"line":18,"column":5}},"3":{"start":{"line":21,"column":27},"end":{"line":54,"column":2}},"4":{"start":{"line":22,"column":43},"end":{"line":22,"column":51}},"5":{"start":{"line":23,"column":19},"end":{"line":23,"column":22}},"6":{"start":{"line":24,"column":19},"end":{"line":24,"column":46}},"7":{"start":{"line":26,"column":2},"end":{"line":28,"column":3}},"8":{"start":{"line":27,"column":4},"end":{"line":27,"column":47}},"9":{"start":{"line":29,"column":18},"end":{"line":29,"column":29}},"10":{"start":{"line":31,"column":2},"end":{"line":33,"column":3}},"11":{"start":{"line":32,"column":4},"end":{"line":32,"column":56}},"12":{"start":{"line":36,"column":2},"end":{"line":40,"column":3}},"13":{"start":{"line":37,"column":4},"end":{"line":37,"column":43}},"14":{"start":{"line":39,"column":4},"end":{"line":39,"column":43}},"15":{"start":{"line":42,"column":19},"end":{"line":49,"column":4}},"16":{"start":{"line":51,"column":2},"end":{"line":53,"column":71}},"17":{"start":{"line":56,"column":27},"end":{"line":85,"column":2}},"18":{"start":{"line":57,"column":43},"end":{"line":57,"column":51}},"19":{"start":{"line":59,"column":2},"end":{"line":61,"column":3}},"20":{"start":{"line":60,"column":4},"end":{"line":60,"column":56}},"21":{"start":{"line":64,"column":2},"end":{"line":68,"column":3}},"22":{"start":{"line":65,"column":4},"end":{"line":65,"column":43}},"23":{"start":{"line":67,"column":4},"end":{"line":67,"column":43}},"24":{"start":{"line":70,"column":22},"end":{"line":78,"column":4}},"25":{"start":{"line":80,"column":2},"end":{"line":82,"column":3}},"26":{"start":{"line":81,"column":4},"end":{"line":81,"column":48}},"27":{"start":{"line":84,"column":2},"end":{"line":84,"column":74}},"28":{"start":{"line":87,"column":27},"end":{"line":93,"column":2}},"29":{"start":{"line":88,"column":17},"end":{"line":88,"column":27}},"30":{"start":{"line":90,"column":2},"end":{"line":90,"column":63}},"31":{"start":{"line":92,"column":2},"end":{"line":92,"column":74}}},"fnMap":{"0":{"name":"(anonymous_0)","decl":{"start":{"line":12,"column":39},"end":{"line":12,"column":44}},"loc":{"start":{"line":12,"column":59},"end":{"line":19,"column":1}},"line":12},"1":{"name":"(anonymous_1)","decl":{"start":{"line":21,"column":40},"end":{"line":21,"column":45}},"loc":{"start":{"line":21,"column":60},"end":{"line":54,"column":1}},"line":21},"2":{"name":"(anonymous_2)","decl":{"start":{"line":56,"column":40},"end":{"line":56,"column":45}},"loc":{"start":{"line":56,"column":60},"end":{"line":85,"column":1}},"line":56},"3":{"name":"(anonymous_3)","decl":{"start":{"line":87,"column":40},"end":{"line":87,"column":45}},"loc":{"start":{"line":87,"column":60},"end":{"line":93,"column":1}},"line":87}},"branchMap":{"0":{"loc":{"start":{"line":26,"column":2},"end":{"line":28,"column":3}},"type":"if","locations":[{"start":{"line":26,"column":2},"end":{"line":28,"column":3}},{"start":{},"end":{}}],"line":26},"1":{"loc":{"start":{"line":31,"column":2},"end":{"line":33,"column":3}},"type":"if","locations":[{"start":{"line":31,"column":2},"end":{"line":33,"column":3}},{"start":{},"end":{}}],"line":31},"2":{"loc":{"start":{"line":31,"column":6},"end":{"line":31,"column":45}},"type":"binary-expr","locations":[{"start":{"line":31,"column":6},"end":{"line":31,"column":11}},{"start":{"line":31,"column":15},"end":{"line":31,"column":23}},{"start":{"line":31,"column":27},"end":{"line":31,"column":32}},{"start":{"line":31,"column":36},"end":{"line":31,"column":45}}],"line":31},"3":{"loc":{"start":{"line":59,"column":2},"end":{"line":61,"column":3}},"type":"if","locations":[{"start":{"line":59,"column":2},"end":{"line":61,"column":3}},{"start":{},"end":{}}],"line":59},"4":{"loc":{"start":{"line":59,"column":6},"end":{"line":59,"column":44}},"type":"binary-expr","locations":[{"start":{"line":59,"column":6},"end":{"line":59,"column":11}},{"start":{"line":59,"column":15},"end":{"line":59,"column":20}},{"start":{"line":59,"column":24},"end":{"line":59,"column":33}},{"start":{"line":59,"column":37},"end":{"line":59,"column":44}}],"line":59},"5":{"loc":{"start":{"line":80,"column":2},"end":{"line":82,"column":3}},"type":"if","locations":[{"start":{"line":80,"column":2},"end":{"line":82,"column":3}},{"start":{},"end":{}}],"line":80}},"s":{"0":3,"1":1,"2":1,"3":3,"4":2,"5":2,"6":2,"7":2,"8":1,"9":1,"10":1,"11":0,"12":1,"13":1,"14":0,"15":1,"16":1,"17":3,"18":2,"19":2,"20":0,"21":2,"22":2,"23":1,"24":1,"25":1,"26":1,"27":0,"28":3,"29":1,"30":1,"31":1},"f":{"0":1,"1":2,"2":2,"3":1},"b":{"0":[1,1],"1":[0,1],"2":[1,1,1,1],"3":[0,2],"4":[2,2,2,2],"5":[1,0]},"meta":{"lastBranch":6,"lastFunction":4,"lastStatement":32,"seen":{"s:12:26:19:2":0,"f:12:39:12:44":0,"s:13:18:13:57":1,"s:15:2:18:5":2,"s:21:27:54:2":3,"f:21:40:21:45":1,"s:22:43:22:51":4,"s:23:19:23:22":5,"s:24:19:24:46":6,"b:26:2:28:3:undefined:undefined:undefined:undefined":0,"s:26:2:28:3":7,"s:27:4:27:47":8,"s:29:18:29:29":9,"b:31:2:33:3:undefined:undefined:undefined:undefined":1,"s:31:2:33:3":10,"b:31:6:31:11:31:15:31:23:31:27:31:32:31:36:31:45":2,"s:32:4:32:56":11,"s:36:2:40:3":12,"s:37:4:37:43":13,"s:39:4:39:43":14,"s:42:19:49:4":15,"s:51:2:53:71":16,"s:56:27:85:2":17,"f:56:40:56:45":2,"s:57:43:57:51":18,"b:59:2:61:3:undefined:undefined:undefined:undefined":3,"s:59:2:61:3":19,"b:59:6:59:11:59:15:59:20:59:24:59:33:59:37:59:44":4,"s:60:4:60:56":20,"s:64:2:68:3":21,"s:65:4:65:43":22,"s:67:4:67:43":23,"s:70:22:78:4":24,"b:80:2:82:3:undefined:undefined:undefined:undefined":5,"s:80:2:82:3":25,"s:81:4:81:48":26,"s:84:2:84:74":27,"s:87:27:93:2":28,"f:87:40:87:45":3,"s:88:17:88:27":29,"s:90:2:90:63":30,"s:92:2:92:74":31},"fnNames":{}}}
,"C:\\Users\\Karl\\OneDrive\\Desktop\\ClassFlow\\backend\\src\\controllers\\enrollmentController.js": {"path":"C:\\Users\\Karl\\OneDrive\\Desktop\\ClassFlow\\backend\\src\\controllers\\enrollmentController.js","statementMap":{"0":{"start":{"line":13,"column":27},"end":{"line":37,"column":2}},"1":{"start":{"line":14,"column":22},"end":{"line":14,"column":32}},"2":{"start":{"line":15,"column":25},"end":{"line":15,"column":33}},"3":{"start":{"line":17,"column":2},"end":{"line":27,"column":3}},"4":{"start":{"line":21,"column":35},"end":{"line":21,"column":45}},"5":{"start":{"line":23,"column":4},"end":{"line":26,"column":6}},"6":{"start":{"line":29,"column":24},"end":{"line":31,"column":4}},"7":{"start":{"line":33,"column":2},"end":{"line":36,"column":5}},"8":{"start":{"line":39,"column":30},"end":{"line":80,"column":2}},"9":{"start":{"line":40,"column":22},"end":{"line":40,"column":32}},"10":{"start":{"line":41,"column":25},"end":{"line":41,"column":33}},"11":{"start":{"line":43,"column":2},"end":{"line":58,"column":3}},"12":{"start":{"line":49,"column":8},"end":{"line":51,"column":30}},"13":{"start":{"line":54,"column":4},"end":{"line":57,"column":6}},"14":{"start":{"line":60,"column":31},"end":{"line":62,"column":3}},"15":{"start":{"line":61,"column":45},"end":{"line":61,"column":62}},"16":{"start":{"line":63,"column":18},"end":{"line":67,"column":4}},"17":{"start":{"line":69,"column":2},"end":{"line":74,"column":3}},"18":{"start":{"line":70,"column":4},"end":{"line":73,"column":6}},"19":{"start":{"line":76,"column":2},"end":{"line":79,"column":5}},"20":{"start":{"line":82,"column":35},"end":{"line":89,"column":2}},"21":{"start":{"line":83,"column":19},"end":{"line":83,"column":66}},"22":{"start":{"line":85,"column":2},"end":{"line":88,"column":5}},"23":{"start":{"line":91,"column":33},"end":{"line":98,"column":2}},"24":{"start":{"line":92,"column":18},"end":{"line":92,"column":59}},"25":{"start":{"line":94,"column":2},"end":{"line":97,"column":5}},"26":{"start":{"line":100,"column":32},"end":{"line":106,"column":2}},"27":{"start":{"line":101,"column":19},"end":{"line":101,"column":55}},"28":{"start":{"line":102,"column":2},"end":{"line":105,"column":5}},"29":{"start":{"line":108,"column":38},"end":{"line":120,"column":2}},"30":{"start":{"line":109,"column":18},"end":{"line":112,"column":3}},"31":{"start":{"line":113,"column":2},"end":{"line":115,"column":3}},"32":{"start":{"line":114,"column":4},"end":{"line":114,"column":66}},"33":{"start":{"line":116,"column":2},"end":{"line":119,"column":5}},"34":{"start":{"line":122,"column":26},"end":{"line":137,"column":2}},"35":{"start":{"line":123,"column":22},"end":{"line":123,"column":32}},"36":{"start":{"line":124,"column":24},"end":{"line":124,"column":32}},"37":{"start":{"line":126,"column":2},"end":{"line":128,"column":3}},"38":{"start":{"line":127,"column":4},"end":{"line":127,"column":68}},"39":{"start":{"line":130,"column":23},"end":{"line":130,"column":66}},"40":{"start":{"line":132,"column":2},"end":{"line":134,"column":3}},"41":{"start":{"line":133,"column":4},"end":{"line":133,"column":62}},"42":{"start":{"line":136,"column":2},"end":{"line":136,"column":66}}},"fnMap":{"0":{"name":"(anonymous_0)","decl":{"start":{"line":13,"column":40},"end":{"line":13,"column":45}},"loc":{"start":{"line":13,"column":60},"end":{"line":37,"column":1}},"line":13},"1":{"name":"(anonymous_1)","decl":{"start":{"line":21,"column":20},"end":{"line":21,"column":21}},"loc":{"start":{"line":21,"column":35},"end":{"line":21,"column":45}},"line":21},"2":{"name":"(anonymous_2)","decl":{"start":{"line":39,"column":43},"end":{"line":39,"column":48}},"loc":{"start":{"line":39,"column":63},"end":{"line":80,"column":1}},"line":39},"3":{"name":"(anonymous_3)","decl":{"start":{"line":48,"column":6},"end":{"line":48,"column":7}},"loc":{"start":{"line":49,"column":8},"end":{"line":51,"column":30}},"line":49},"4":{"name":"(anonymous_4)","decl":{"start":{"line":61,"column":30},"end":{"line":61,"column":31}},"loc":{"start":{"line":61,"column":45},"end":{"line":61,"column":62}},"line":61},"5":{"name":"(anonymous_5)","decl":{"start":{"line":82,"column":48},"end":{"line":82,"column":53}},"loc":{"start":{"line":82,"column":68},"end":{"line":89,"column":1}},"line":82},"6":{"name":"(anonymous_6)","decl":{"start":{"line":91,"column":46},"end":{"line":91,"column":51}},"loc":{"start":{"line":91,"column":66},"end":{"line":98,"column":1}},"line":91},"7":{"name":"(anonymous_7)","decl":{"start":{"line":100,"column":45},"end":{"line":100,"column":50}},"loc":{"start":{"line":100,"column":65},"end":{"line":106,"column":1}},"line":100},"8":{"name":"(anonymous_8)","decl":{"start":{"line":108,"column":51},"end":{"line":108,"column":56}},"loc":{"start":{"line":108,"column":71},"end":{"line":120,"column":1}},"line":108},"9":{"name":"(anonymous_9)","decl":{"start":{"line":122,"column":39},"end":{"line":122,"column":44}},"loc":{"start":{"line":122,"column":65},"end":{"line":137,"column":1}},"line":122}},"branchMap":{"0":{"loc":{"start":{"line":17,"column":2},"end":{"line":27,"column":3}},"type":"if","locations":[{"start":{"line":17,"column":2},"end":{"line":27,"column":3}},{"start":{},"end":{}}],"line":17},"1":{"loc":{"start":{"line":18,"column":4},"end":{"line":21,"column":46}},"type":"binary-expr","locations":[{"start":{"line":18,"column":4},"end":{"line":18,"column":12}},{"start":{"line":19,"column":4},"end":{"line":19,"column":30}},{"start":{"line":20,"column":4},"end":{"line":20,"column":27}},{"start":{"line":21,"column":4},"end":{"line":21,"column":46}}],"line":18},"2":{"loc":{"start":{"line":43,"column":2},"end":{"line":58,"column":3}},"type":"if","locations":[{"start":{"line":43,"column":2},"end":{"line":58,"column":3}},{"start":{},"end":{}}],"line":43},"3":{"loc":{"start":{"line":44,"column":4},"end":{"line":52,"column":5}},"type":"binary-expr","locations":[{"start":{"line":44,"column":4},"end":{"line":44,"column":12}},{"start":{"line":45,"column":4},"end":{"line":45,"column":30}},{"start":{"line":46,"column":4},"end":{"line":46,"column":27}},{"start":{"line":47,"column":4},"end":{"line":52,"column":5}}],"line":44},"4":{"loc":{"start":{"line":49,"column":8},"end":{"line":51,"column":30}},"type":"binary-expr","locations":[{"start":{"line":49,"column":9},"end":{"line":49,"column":38}},{"start":{"line":49,"column":42},"end":{"line":49,"column":71}},{"start":{"line":50,"column":8},"end":{"line":50,"column":44}},{"start":{"line":51,"column":8},"end":{"line":51,"column":30}}],"line":49},"5":{"loc":{"start":{"line":69,"column":2},"end":{"line":74,"column":3}},"type":"if","locations":[{"start":{"line":69,"column":2},"end":{"line":74,"column":3}},{"start":{},"end":{}}],"line":69},"6":{"loc":{"start":{"line":113,"column":2},"end":{"line":115,"column":3}},"type":"if","locations":[{"start":{"line":113,"column":2},"end":{"line":115,"column":3}},{"start":{},"end":{}}],"line":113},"7":{"loc":{"start":{"line":126,"column":2},"end":{"line":128,"column":3}},"type":"if","locations":[{"start":{"line":126,"column":2},"end":{"line":128,"column":3}},{"start":{},"end":{}}],"line":126},"8":{"loc":{"start":{"line":126,"column":6},"end":{"line":126,"column":28}},"type":"binary-expr","locations":[{"start":{"line":126,"column":6},"end":{"line":126,"column":14}},{"start":{"line":126,"column":18},"end":{"line":126,"column":28}}],"line":126},"9":{"loc":{"start":{"line":132,"column":2},"end":{"line":134,"column":3}},"type":"if","locations":[{"start":{"line":132,"column":2},"end":{"line":134,"column":3}},{"start":{},"end":{}}],"line":132}},"s":{"0":2,"1":0,"2":0,"3":0,"4":0,"5":0,"6":0,"7":0,"8":2,"9":0,"10":0,"11":0,"12":0,"13":0,"14":0,"15":0,"16":0,"17":0,"18":0,"19":0,"20":2,"21":0,"22":0,"23":2,"24":0,"25":0,"26":2,"27":0,"28":0,"29":2,"30":0,"31":0,"32":0,"33":0,"34":2,"35":0,"36":0,"37":0,"38":0,"39":0,"40":0,"41":0,"42":0},"f":{"0":0,"1":0,"2":0,"3":0,"4":0,"5":0,"6":0,"7":0,"8":0,"9":0},"b":{"0":[0,0],"1":[0,0,0,0],"2":[0,0],"3":[0,0,0,0],"4":[0,0,0,0],"5":[0,0],"6":[0,0],"7":[0,0],"8":[0,0],"9":[0,0]},"meta":{"lastBranch":10,"lastFunction":10,"lastStatement":43,"seen":{"s:13:27:37:2":0,"f:13:40:13:45":0,"s:14:22:14:32":1,"s:15:25:15:33":2,"b:17:2:27:3:undefined:undefined:undefined:undefined":0,"s:17:2:27:3":3,"b:18:4:18:12:19:4:19:30:20:4:20:27:21:4:21:46":1,"f:21:20:21:21":1,"s:21:35:21:45":4,"s:23:4:26:6":5,"s:29:24:31:4":6,"s:33:2:36:5":7,"s:39:30:80:2":8,"f:39:43:39:48":2,"s:40:22:40:32":9,"s:41:25:41:33":10,"b:43:2:58:3:undefined:undefined:undefined:undefined":2,"s:43:2:58:3":11,"b:44:4:44:12:45:4:45:30:46:4:46:27:47:4:52:5":3,"f:48:6:48:7":3,"s:49:8:51:30":12,"b:49:9:49:38:49:42:49:71:50:8:50:44:51:8:51:30":4,"s:54:4:57:6":13,"s:60:31:62:3":14,"f:61:30:61:31":4,"s:61:45:61:62":15,"s:63:18:67:4":16,"b:69:2:74:3:undefined:undefined:undefined:undefined":5,"s:69:2:74:3":17,"s:70:4:73:6":18,"s:76:2:79:5":19,"s:82:35:89:2":20,"f:82:48:82:53":5,"s:83:19:83:66":21,"s:85:2:88:5":22,"s:91:33:98:2":23,"f:91:46:91:51":6,"s:92:18:92:59":24,"s:94:2:97:5":25,"s:100:32:106:2":26,"f:100:45:100:50":7,"s:101:19:101:55":27,"s:102:2:105:5":28,"s:108:38:120:2":29,"f:108:51:108:56":8,"s:109:18:112:3":30,"b:113:2:115:3:undefined:undefined:undefined:undefined":6,"s:113:2:115:3":31,"s:114:4:114:66":32,"s:116:2:119:5":33,"s:122:26:137:2":34,"f:122:39:122:44":9,"s:123:22:123:32":35,"s:124:24:124:32":36,"b:126:2:128:3:undefined:undefined:undefined:undefined":7,"s:126:2:128:3":37,"b:126:6:126:14:126:18:126:28":8,"s:127:4:127:68":38,"s:130:23:130:66":39,"b:132:2:134:3:undefined:undefined:undefined:undefined":9,"s:132:2:134:3":40,"s:133:4:133:62":41,"s:136:2:136:66":42},"fnNames":{}}}
,"C:\\Users\\Karl\\OneDrive\\Desktop\\ClassFlow\\backend\\src\\controllers\\reportController.js": {"path":"C:\\Users\\Karl\\OneDrive\\Desktop\\ClassFlow\\backend\\src\\controllers\\reportController.js","statementMap":{"0":{"start":{"line":8,"column":32},"end":{"line":15,"column":2}},"1":{"start":{"line":9,"column":17},"end":{"line":9,"column":57}},"2":{"start":{"line":11,"column":2},"end":{"line":14,"column":5}},"3":{"start":{"line":17,"column":30},"end":{"line":28,"column":2}},"4":{"start":{"line":18,"column":17},"end":{"line":18,"column":75}},"5":{"start":{"line":20,"column":2},"end":{"line":22,"column":3}},"6":{"start":{"line":21,"column":4},"end":{"line":21,"column":64}},"7":{"start":{"line":24,"column":2},"end":{"line":27,"column":5}}},"fnMap":{"0":{"name":"(anonymous_0)","decl":{"start":{"line":8,"column":45},"end":{"line":8,"column":50}},"loc":{"start":{"line":8,"column":65},"end":{"line":15,"column":1}},"line":8},"1":{"name":"(anonymous_1)","decl":{"start":{"line":17,"column":43},"end":{"line":17,"column":48}},"loc":{"start":{"line":17,"column":63},"end":{"line":28,"column":1}},"line":17}},"branchMap":{"0":{"loc":{"start":{"line":20,"column":2},"end":{"line":22,"column":3}},"type":"if","locations":[{"start":{"line":20,"column":2},"end":{"line":22,"column":3}},{"start":{},"end":{}}],"line":20}},"s":{"0":2,"1":0,"2":0,"3":2,"4":0,"5":0,"6":0,"7":0},"f":{"0":0,"1":0},"b":{"0":[0,0]},"meta":{"lastBranch":1,"lastFunction":2,"lastStatement":8,"seen":{"s:8:32:15:2":0,"f:8:45:8:50":0,"s:9:17:9:57":1,"s:11:2:14:5":2,"s:17:30:28:2":3,"f:17:43:17:48":1,"s:18:17:18:75":4,"b:20:2:22:3:undefined:undefined:undefined:undefined":0,"s:20:2:22:3":5,"s:21:4:21:64":6,"s:24:2:27:5":7},"fnNames":{}}}
,"C:\\Users\\Karl\\OneDrive\\Desktop\\ClassFlow\\backend\\src\\controllers\\submissionController.js": {"path":"C:\\Users\\Karl\\OneDrive\\Desktop\\ClassFlow\\backend\\src\\controllers\\submissionController.js","statementMap":{"0":{"start":{"line":13,"column":35},"end":{"line":25,"column":2}},"1":{"start":{"line":14,"column":15},"end":{"line":18,"column":4}},"2":{"start":{"line":20,"column":2},"end":{"line":22,"column":3}},"3":{"start":{"line":21,"column":4},"end":{"line":21,"column":53}},"4":{"start":{"line":24,"column":2},"end":{"line":24,"column":29}},"5":{"start":{"line":27,"column":41},"end":{"line":40,"column":2}},"6":{"start":{"line":28,"column":21},"end":{"line":33,"column":4}},"7":{"start":{"line":35,"column":2},"end":{"line":37,"column":3}},"8":{"start":{"line":36,"column":4},"end":{"line":36,"column":53}},"9":{"start":{"line":39,"column":2},"end":{"line":39,"column":39}},"10":{"start":{"line":42,"column":31},"end":{"line":82,"column":2}},"11":{"start":{"line":43,"column":30},"end":{"line":43,"column":38}},"12":{"start":{"line":44,"column":23},"end":{"line":44,"column":36}},"13":{"start":{"line":46,"column":2},"end":{"line":48,"column":3}},"14":{"start":{"line":47,"column":4},"end":{"line":47,"column":50}},"15":{"start":{"line":50,"column":2},"end":{"line":56,"column":3}},"16":{"start":{"line":55,"column":4},"end":{"line":55,"column":73}},"17":{"start":{"line":58,"column":22},"end":{"line":65,"column":4}},"18":{"start":{"line":67,"column":2},"end":{"line":69,"column":3}},"19":{"start":{"line":68,"column":4},"end":{"line":68,"column":53}},"20":{"start":{"line":71,"column":21},"end":{"line":76,"column":4}},"21":{"start":{"line":78,"column":2},"end":{"line":81,"column":5}},"22":{"start":{"line":84,"column":36},"end":{"line":95,"column":2}},"23":{"start":{"line":85,"column":21},"end":{"line":88,"column":4}},"24":{"start":{"line":90,"column":2},"end":{"line":92,"column":3}},"25":{"start":{"line":91,"column":4},"end":{"line":91,"column":53}},"26":{"start":{"line":94,"column":2},"end":{"line":94,"column":39}},"27":{"start":{"line":97,"column":29},"end":{"line":101,"column":2}},"28":{"start":{"line":97,"column":39},"end":{"line":101,"column":1}},"29":{"start":{"line":103,"column":32},"end":{"line":136,"column":2}},"30":{"start":{"line":104,"column":27},"end":{"line":104,"column":37}},"31":{"start":{"line":105,"column":53},"end":{"line":105,"column":78}},"32":{"start":{"line":107,"column":2},"end":{"line":109,"column":3}},"33":{"start":{"line":108,"column":4},"end":{"line":108,"column":78}},"34":{"start":{"line":111,"column":27},"end":{"line":114,"column":3}},"35":{"start":{"line":116,"column":2},"end":{"line":118,"column":3}},"36":{"start":{"line":117,"column":4},"end":{"line":117,"column":67}},"37":{"start":{"line":120,"column":21},"end":{"line":126,"column":4}},"38":{"start":{"line":128,"column":2},"end":{"line":130,"column":3}},"39":{"start":{"line":129,"column":4},"end":{"line":129,"column":53}},"40":{"start":{"line":132,"column":2},"end":{"line":135,"column":5}},"41":{"start":{"line":138,"column":34},"end":{"line":161,"column":2}},"42":{"start":{"line":139,"column":53},"end":{"line":139,"column":78}},"43":{"start":{"line":141,"column":2},"end":{"line":143,"column":3}},"44":{"start":{"line":142,"column":4},"end":{"line":142,"column":78}},"45":{"start":{"line":145,"column":21},"end":{"line":151,"column":4}},"46":{"start":{"line":153,"column":2},"end":{"line":155,"column":3}},"47":{"start":{"line":154,"column":4},"end":{"line":154,"column":53}},"48":{"start":{"line":157,"column":2},"end":{"line":160,"column":5}}},"fnMap":{"0":{"name":"(anonymous_0)","decl":{"start":{"line":13,"column":48},"end":{"line":13,"column":53}},"loc":{"start":{"line":13,"column":68},"end":{"line":25,"column":1}},"line":13},"1":{"name":"(anonymous_1)","decl":{"start":{"line":27,"column":54},"end":{"line":27,"column":59}},"loc":{"start":{"line":27,"column":74},"end":{"line":40,"column":1}},"line":27},"2":{"name":"(anonymous_2)","decl":{"start":{"line":42,"column":44},"end":{"line":42,"column":49}},"loc":{"start":{"line":42,"column":64},"end":{"line":82,"column":1}},"line":42},"3":{"name":"(anonymous_3)","decl":{"start":{"line":84,"column":49},"end":{"line":84,"column":54}},"loc":{"start":{"line":84,"column":69},"end":{"line":95,"column":1}},"line":84},"4":{"name":"(anonymous_4)","decl":{"start":{"line":97,"column":29},"end":{"line":97,"column":30}},"loc":{"start":{"line":97,"column":39},"end":{"line":101,"column":1}},"line":97},"5":{"name":"(anonymous_5)","decl":{"start":{"line":103,"column":45},"end":{"line":103,"column":50}},"loc":{"start":{"line":103,"column":65},"end":{"line":136,"column":1}},"line":103},"6":{"name":"(anonymous_6)","decl":{"start":{"line":138,"column":47},"end":{"line":138,"column":52}},"loc":{"start":{"line":138,"column":67},"end":{"line":161,"column":1}},"line":138}},"branchMap":{"0":{"loc":{"start":{"line":20,"column":2},"end":{"line":22,"column":3}},"type":"if","locations":[{"start":{"line":20,"column":2},"end":{"line":22,"column":3}},{"start":{},"end":{}}],"line":20},"1":{"loc":{"start":{"line":35,"column":2},"end":{"line":37,"column":3}},"type":"if","locations":[{"start":{"line":35,"column":2},"end":{"line":37,"column":3}},{"start":{},"end":{}}],"line":35},"2":{"loc":{"start":{"line":46,"column":2},"end":{"line":48,"column":3}},"type":"if","locations":[{"start":{"line":46,"column":2},"end":{"line":48,"column":3}},{"start":{},"end":{}}],"line":46},"3":{"loc":{"start":{"line":46,"column":6},"end":{"line":46,"column":59}},"type":"binary-expr","locations":[{"start":{"line":46,"column":6},"end":{"line":46,"column":18}},{"start":{"line":46,"column":22},"end":{"line":46,"column":36}},{"start":{"line":46,"column":40},"end":{"line":46,"column":59}}],"line":46},"4":{"loc":{"start":{"line":50,"column":2},"end":{"line":56,"column":3}},"type":"if","locations":[{"start":{"line":50,"column":2},"end":{"line":56,"column":3}},{"start":{},"end":{}}],"line":50},"5":{"loc":{"start":{"line":51,"column":4},"end":{"line":53,"column":22}},"type":"binary-expr","locations":[{"start":{"line":51,"column":4},"end":{"line":51,"column":34}},{"start":{"line":52,"column":4},"end":{"line":52,"column":20}},{"start":{"line":53,"column":4},"end":{"line":53,"column":22}}],"line":51},"6":{"loc":{"start":{"line":64,"column":14},"end":{"line":64,"column":65}},"type":"cond-expr","locations":[{"start":{"line":64,"column":45},"end":{"line":64,"column":60}},{"start":{"line":64,"column":63},"end":{"line":64,"column":65}}],"line":64},"7":{"loc":{"start":{"line":67,"column":2},"end":{"line":69,"column":3}},"type":"if","locations":[{"start":{"line":67,"column":2},"end":{"line":69,"column":3}},{"start":{},"end":{}}],"line":67},"8":{"loc":{"start":{"line":90,"column":2},"end":{"line":92,"column":3}},"type":"if","locations":[{"start":{"line":90,"column":2},"end":{"line":92,"column":3}},{"start":{},"end":{}}],"line":90},"9":{"loc":{"start":{"line":99,"column":18},"end":{"line":99,"column":48}},"type":"binary-expr","locations":[{"start":{"line":99,"column":18},"end":{"line":99,"column":40}},{"start":{"line":99,"column":44},"end":{"line":99,"column":48}}],"line":99},"10":{"loc":{"start":{"line":100,"column":17},"end":{"line":100,"column":78}},"type":"cond-expr","locations":[{"start":{"line":100,"column":28},"end":{"line":100,"column":71}},{"start":{"line":100,"column":74},"end":{"line":100,"column":78}}],"line":100},"11":{"loc":{"start":{"line":107,"column":2},"end":{"line":109,"column":3}},"type":"if","locations":[{"start":{"line":107,"column":2},"end":{"line":109,"column":3}},{"start":{},"end":{}}],"line":107},"12":{"loc":{"start":{"line":107,"column":6},"end":{"line":107,"column":46}},"type":"binary-expr","locations":[{"start":{"line":107,"column":6},"end":{"line":107,"column":19}},{"start":{"line":107,"column":24},"end":{"line":107,"column":32}},{"start":{"line":107,"column":36},"end":{"line":107,"column":45}}],"line":107},"13":{"loc":{"start":{"line":116,"column":2},"end":{"line":118,"column":3}},"type":"if","locations":[{"start":{"line":116,"column":2},"end":{"line":118,"column":3}},{"start":{},"end":{}}],"line":116},"14":{"loc":{"start":{"line":128,"column":2},"end":{"line":130,"column":3}},"type":"if","locations":[{"start":{"line":128,"column":2},"end":{"line":130,"column":3}},{"start":{},"end":{}}],"line":128},"15":{"loc":{"start":{"line":141,"column":2},"end":{"line":143,"column":3}},"type":"if","locations":[{"start":{"line":141,"column":2},"end":{"line":143,"column":3}},{"start":{},"end":{}}],"line":141},"16":{"loc":{"start":{"line":141,"column":6},"end":{"line":141,"column":27}},"type":"binary-expr","locations":[{"start":{"line":141,"column":6},"end":{"line":141,"column":14}},{"start":{"line":141,"column":18},"end":{"line":141,"column":27}}],"line":141},"17":{"loc":{"start":{"line":153,"column":2},"end":{"line":155,"column":3}},"type":"if","locations":[{"start":{"line":153,"column":2},"end":{"line":155,"column":3}},{"start":{},"end":{}}],"line":153}},"s":{"0":2,"1":0,"2":0,"3":0,"4":0,"5":2,"6":0,"7":0,"8":0,"9":0,"10":2,"11":0,"12":0,"13":0,"14":0,"15":0,"16":0,"17":0,"18":0,"19":0,"20":0,"21":0,"22":2,"23":0,"24":0,"25":0,"26":0,"27":2,"28":0,"29":2,"30":0,"31":0,"32":0,"33":0,"34":0,"35":0,"36":0,"37":0,"38":0,"39":0,"40":0,"41":2,"42":0,"43":0,"44":0,"45":0,"46":0,"47":0,"48":0},"f":{"0":0,"1":0,"2":0,"3":0,"4":0,"5":0,"6":0},"b":{"0":[0,0],"1":[0,0],"2":[0,0],"3":[0,0,0],"4":[0,0],"5":[0,0,0],"6":[0,0],"7":[0,0],"8":[0,0],"9":[0,0],"10":[0,0],"11":[0,0],"12":[0,0,0],"13":[0,0],"14":[0,0],"15":[0,0],"16":[0,0],"17":[0,0]},"meta":{"lastBranch":18,"lastFunction":7,"lastStatement":49,"seen":{"s:13:35:25:2":0,"f:13:48:13:53":0,"s:14:15:18:4":1,"b:20:2:22:3:undefined:undefined:undefined:undefined":0,"s:20:2:22:3":2,"s:21:4:21:53":3,"s:24:2:24:29":4,"s:27:41:40:2":5,"f:27:54:27:59":1,"s:28:21:33:4":6,"b:35:2:37:3:undefined:undefined:undefined:undefined":1,"s:35:2:37:3":7,"s:36:4:36:53":8,"s:39:2:39:39":9,"s:42:31:82:2":10,"f:42:44:42:49":2,"s:43:30:43:38":11,"s:44:23:44:36":12,"b:46:2:48:3:undefined:undefined:undefined:undefined":2,"s:46:2:48:3":13,"b:46:6:46:18:46:22:46:36:46:40:46:59":3,"s:47:4:47:50":14,"b:50:2:56:3:undefined:undefined:undefined:undefined":4,"s:50:2:56:3":15,"b:51:4:51:34:52:4:52:20:53:4:53:22":5,"s:55:4:55:73":16,"s:58:22:65:4":17,"b:64:45:64:60:64:63:64:65":6,"b:67:2:69:3:undefined:undefined:undefined:undefined":7,"s:67:2:69:3":18,"s:68:4:68:53":19,"s:71:21:76:4":20,"s:78:2:81:5":21,"s:84:36:95:2":22,"f:84:49:84:54":3,"s:85:21:88:4":23,"b:90:2:92:3:undefined:undefined:undefined:undefined":8,"s:90:2:92:3":24,"s:91:4:91:53":25,"s:94:2:94:39":26,"s:97:29:101:2":27,"f:97:29:97:30":4,"s:97:39:101:1":28,"b:99:18:99:40:99:44:99:48":9,"b:100:28:100:71:100:74:100:78":10,"s:103:32:136:2":29,"f:103:45:103:50":5,"s:104:27:104:37":30,"s:105:53:105:78":31,"b:107:2:109:3:undefined:undefined:undefined:undefined":11,"s:107:2:109:3":32,"b:107:6:107:19:107:24:107:32:107:36:107:45":12,"s:108:4:108:78":33,"s:111:27:114:3":34,"b:116:2:118:3:undefined:undefined:undefined:undefined":13,"s:116:2:118:3":35,"s:117:4:117:67":36,"s:120:21:126:4":37,"b:128:2:130:3:undefined:undefined:undefined:undefined":14,"s:128:2:130:3":38,"s:129:4:129:53":39,"s:132:2:135:5":40,"s:138:34:161:2":41,"f:138:47:138:52":6,"s:139:53:139:78":42,"b:141:2:143:3:undefined:undefined:undefined:undefined":15,"s:141:2:143:3":43,"b:141:6:141:14:141:18:141:27":16,"s:142:4:142:78":44,"s:145:21:151:4":45,"b:153:2:155:3:undefined:undefined:undefined:undefined":17,"s:153:2:155:3":46,"s:154:4:154:53":47,"s:157:2:160:5":48},"fnNames":{}}}
,"C:\\Users\\Karl\\OneDrive\\Desktop\\ClassFlow\\backend\\src\\middleware\\authorize.js": {"path":"C:\\Users\\Karl\\OneDrive\\Desktop\\ClassFlow\\backend\\src\\middleware\\authorize.js","statementMap":{"0":{"start":{"line":3,"column":18},"end":{"line":10,"column":1}},"1":{"start":{"line":4,"column":2},"end":{"line":9,"column":4}},"2":{"start":{"line":5,"column":4},"end":{"line":7,"column":5}},"3":{"start":{"line":6,"column":6},"end":{"line":6,"column":71}},"4":{"start":{"line":8,"column":4},"end":{"line":8,"column":11}}},"fnMap":{"0":{"name":"(anonymous_0)","decl":{"start":{"line":3,"column":18},"end":{"line":3,"column":19}},"loc":{"start":{"line":3,"column":39},"end":{"line":10,"column":1}},"line":3},"1":{"name":"(anonymous_1)","decl":{"start":{"line":4,"column":9},"end":{"line":4,"column":10}},"loc":{"start":{"line":4,"column":29},"end":{"line":9,"column":3}},"line":4}},"branchMap":{"0":{"loc":{"start":{"line":5,"column":4},"end":{"line":7,"column":5}},"type":"if","locations":[{"start":{"line":5,"column":4},"end":{"line":7,"column":5}},{"start":{},"end":{}}],"line":5},"1":{"loc":{"start":{"line":5,"column":8},"end":{"line":5,"column":58}},"type":"binary-expr","locations":[{"start":{"line":5,"column":8},"end":{"line":5,"column":17}},{"start":{"line":5,"column":21},"end":{"line":5,"column":58}}],"line":5}},"s":{"0":3,"1":63,"2":6,"3":3,"4":3},"f":{"0":63,"1":6},"b":{"0":[3,3],"1":[6,5]},"meta":{"lastBranch":2,"lastFunction":2,"lastStatement":5,"seen":{"s:3:18:10:1":0,"f:3:18:3:19":0,"s:4:2:9:4":1,"f:4:9:4:10":1,"b:5:4:7:5:undefined:undefined:undefined:undefined":0,"s:5:4:7:5":2,"b:5:8:5:17:5:21:5:58":1,"s:6:6:6:71":3,"s:8:4:8:11":4},"fnNames":{}}}
,"C:\\Users\\Karl\\OneDrive\\Desktop\\ClassFlow\\backend\\src\\middleware\\errorHandler.js": {"path":"C:\\Users\\Karl\\OneDrive\\Desktop\\ClassFlow\\backend\\src\\middleware\\errorHandler.js","statementMap":{"0":{"start":{"line":1,"column":21},"end":{"line":9,"column":1}},"1":{"start":{"line":2,"column":2},"end":{"line":2,"column":21}},"2":{"start":{"line":4,"column":21},"end":{"line":4,"column":42}},"3":{"start":{"line":5,"column":2},"end":{"line":8,"column":5}}},"fnMap":{"0":{"name":"(anonymous_0)","decl":{"start":{"line":1,"column":21},"end":{"line":1,"column":22}},"loc":{"start":{"line":1,"column":46},"end":{"line":9,"column":1}},"line":1}},"branchMap":{"0":{"loc":{"start":{"line":4,"column":21},"end":{"line":4,"column":42}},"type":"binary-expr","locations":[{"start":{"line":4,"column":21},"end":{"line":4,"column":35}},{"start":{"line":4,"column":39},"end":{"line":4,"column":42}}],"line":4},"1":{"loc":{"start":{"line":7,"column":6},"end":{"line":7,"column":83}},"type":"cond-expr","locations":[{"start":{"line":7,"column":26},"end":{"line":7,"column":49}},{"start":{"line":7,"column":52},"end":{"line":7,"column":83}}],"line":7},"2":{"loc":{"start":{"line":7,"column":52},"end":{"line":7,"column":83}},"type":"binary-expr","locations":[{"start":{"line":7,"column":52},"end":{"line":7,"column":63}},{"start":{"line":7,"column":67},"end":{"line":7,"column":83}}],"line":7}},"s":{"0":3,"1":3,"2":3,"3":3},"f":{"0":3},"b":{"0":[3,1],"1":[1,2],"2":[2,0]},"meta":{"lastBranch":3,"lastFunction":1,"lastStatement":4,"seen":{"s:1:21:9:1":0,"f:1:21:1:22":0,"s:2:2:2:21":1,"s:4:21:4:42":2,"b:4:21:4:35:4:39:4:42":0,"s:5:2:8:5":3,"b:7:26:7:49:7:52:7:83":1,"b:7:52:7:63:7:67:7:83":2},"fnNames":{}}}
,"C:\\Users\\Karl\\OneDrive\\Desktop\\ClassFlow\\backend\\src\\middleware\\rateLimiter.js": {"path":"C:\\Users\\Karl\\OneDrive\\Desktop\\ClassFlow\\backend\\src\\middleware\\rateLimiter.js","statementMap":{"0":{"start":{"line":3,"column":26},"end":{"line":11,"column":2}},"1":{"start":{"line":13,"column":27},"end":{"line":21,"column":2}}},"fnMap":{},"branchMap":{},"s":{"0":2,"1":2},"f":{},"b":{},"meta":{"lastBranch":0,"lastFunction":0,"lastStatement":2,"seen":{"s:3:26:11:2":0,"s:13:27:21:2":1},"fnNames":{}}}
,"C:\\Users\\Karl\\OneDrive\\Desktop\\ClassFlow\\backend\\src\\middleware\\upload.js": {"path":"C:\\Users\\Karl\\OneDrive\\Desktop\\ClassFlow\\backend\\src\\middleware\\upload.js","statementMap":{"0":{"start":{"line":5,"column":19},"end":{"line":5,"column":69}},"1":{"start":{"line":6,"column":0},"end":{"line":6,"column":46}},"2":{"start":{"line":8,"column":16},"end":{"line":14,"column":2}},"3":{"start":{"line":9,"column":34},"end":{"line":9,"column":54}},"4":{"start":{"line":11,"column":25},"end":{"line":11,"column":75}},"5":{"start":{"line":12,"column":4},"end":{"line":12,"column":53}},"6":{"start":{"line":16,"column":15},"end":{"line":16,"column":34}}},"fnMap":{"0":{"name":"(anonymous_0)","decl":{"start":{"line":9,"column":15},"end":{"line":9,"column":16}},"loc":{"start":{"line":9,"column":34},"end":{"line":9,"column":54}},"line":9},"1":{"name":"(anonymous_1)","decl":{"start":{"line":10,"column":12},"end":{"line":10,"column":13}},"loc":{"start":{"line":10,"column":31},"end":{"line":13,"column":3}},"line":10}},"branchMap":{},"s":{"0":2,"1":2,"2":2,"3":0,"4":0,"5":0,"6":2},"f":{"0":0,"1":0},"b":{},"meta":{"lastBranch":0,"lastFunction":2,"lastStatement":7,"seen":{"s:5:19:5:69":0,"s:6:0:6:46":1,"s:8:16:14:2":2,"f:9:15:9:16":0,"s:9:34:9:54":3,"f:10:12:10:13":1,"s:11:25:11:75":4,"s:12:4:12:53":5,"s:16:15:16:34":6},"fnNames":{}}}
,"C:\\Users\\Karl\\OneDrive\\Desktop\\ClassFlow\\backend\\src\\middleware\\validate.js": {"path":"C:\\Users\\Karl\\OneDrive\\Desktop\\ClassFlow\\backend\\src\\middleware\\validate.js","statementMap":{"0":{"start":{"line":1,"column":17},"end":{"line":14,"column":1}},"1":{"start":{"line":2,"column":2},"end":{"line":13,"column":4}},"2":{"start":{"line":3,"column":19},"end":{"line":3,"column":45}},"3":{"start":{"line":5,"column":4},"end":{"line":9,"column":5}},"4":{"start":{"line":6,"column":6},"end":{"line":8,"column":9}},"5":{"start":{"line":11,"column":4},"end":{"line":11,"column":27}},"6":{"start":{"line":12,"column":4},"end":{"line":12,"column":11}},"7":{"start":{"line":16,"column":30},"end":{"line":29,"column":1}},"8":{"start":{"line":17,"column":2},"end":{"line":28,"column":4}},"9":{"start":{"line":18,"column":19},"end":{"line":18,"column":47}},"10":{"start":{"line":20,"column":4},"end":{"line":24,"column":5}},"11":{"start":{"line":21,"column":6},"end":{"line":23,"column":9}},"12":{"start":{"line":26,"column":4},"end":{"line":26,"column":29}},"13":{"start":{"line":27,"column":4},"end":{"line":27,"column":11}}},"fnMap":{"0":{"name":"(anonymous_0)","decl":{"start":{"line":1,"column":17},"end":{"line":1,"column":18}},"loc":{"start":{"line":1,"column":29},"end":{"line":14,"column":1}},"line":1},"1":{"name":"(anonymous_1)","decl":{"start":{"line":2,"column":9},"end":{"line":2,"column":10}},"loc":{"start":{"line":2,"column":29},"end":{"line":13,"column":3}},"line":2},"2":{"name":"(anonymous_2)","decl":{"start":{"line":16,"column":30},"end":{"line":16,"column":31}},"loc":{"start":{"line":16,"column":42},"end":{"line":29,"column":1}},"line":16},"3":{"name":"(anonymous_3)","decl":{"start":{"line":17,"column":9},"end":{"line":17,"column":10}},"loc":{"start":{"line":17,"column":29},"end":{"line":28,"column":3}},"line":17}},"branchMap":{"0":{"loc":{"start":{"line":5,"column":4},"end":{"line":9,"column":5}},"type":"if","locations":[{"start":{"line":5,"column":4},"end":{"line":9,"column":5}},{"start":{},"end":{}}],"line":5},"1":{"loc":{"start":{"line":20,"column":4},"end":{"line":24,"column":5}},"type":"if","locations":[{"start":{"line":20,"column":4},"end":{"line":24,"column":5}},{"start":{},"end":{}}],"line":20}},"s":{"0":3,"1":26,"2":3,"3":3,"4":2,"5":1,"6":1,"7":3,"8":9,"9":1,"10":1,"11":0,"12":1,"13":1},"f":{"0":26,"1":3,"2":9,"3":1},"b":{"0":[2,1],"1":[0,1]},"meta":{"lastBranch":2,"lastFunction":4,"lastStatement":14,"seen":{"s:1:17:14:1":0,"f:1:17:1:18":0,"s:2:2:13:4":1,"f:2:9:2:10":1,"s:3:19:3:45":2,"b:5:4:9:5:undefined:undefined:undefined:undefined":0,"s:5:4:9:5":3,"s:6:6:8:9":4,"s:11:4:11:27":5,"s:12:4:12:11":6,"s:16:30:29:1":7,"f:16:30:16:31":2,"s:17:2:28:4":8,"f:17:9:17:10":3,"s:18:19:18:47":9,"b:20:4:24:5:undefined:undefined:undefined:undefined":1,"s:20:4:24:5":10,"s:21:6:23:9":11,"s:26:4:26:29":12,"s:27:4:27:11":13},"fnNames":{}}}
[...]
,"C:\\Users\\Karl\\OneDrive\\Desktop\\ClassFlow\\backend\\src\\routes\\authRoutes.js": {"path":"C:\\Users\\Karl\\OneDrive\\Desktop\\ClassFlow\\backend\\src\\routes\\authRoutes.js","statementMap":{"0":{"start":{"line":32,"column":15},"end":{"line":32,"column":31}},"1":{"start":{"line":34,"column":0},"end":{"line":34,"column":74}},"2":{"start":{"line":35,"column":0},"end":{"line":41,"column":2}},"3":{"start":{"line":42,"column":0},"end":{"line":42,"column":65}},"4":{"start":{"line":43,"column":0},"end":{"line":43,"column":80}},"5":{"start":{"line":44,"column":0},"end":{"line":44,"column":77}},"6":{"start":{"line":45,"column":0},"end":{"line":45,"column":42}},"7":{"start":{"line":46,"column":0},"end":{"line":46,"column":31}},"8":{"start":{"line":47,"column":0},"end":{"line":47,"column":33}},"9":{"start":{"line":48,"column":0},"end":{"line":48,"column":38}},"10":{"start":{"line":49,"column":0},"end":{"line":49,"column":48}},"11":{"start":{"line":50,"column":0},"end":{"line":50,"column":78}},"12":{"start":{"line":51,"column":0},"end":{"line":56,"column":2}},"13":{"start":{"line":57,"column":0},"end":{"line":57,"column":70}},"14":{"start":{"line":58,"column":0},"end":{"line":58,"column":68}}},"fnMap":{},"branchMap":{},"s":{"0":2,"1":2,"2":2,"3":2,"4":2,"5":2,"6":2,"7":2,"8":2,"9":2,"10":2,"11":2,"12":2,"13":2,"14":2},"f":{},"b":{},"meta":{"lastBranch":0,"lastFunction":0,"lastStatement":15,"seen":{"s:32:15:32:31":0,"s:34:0:34:74":1,"s:35:0:41:2":2,"s:42:0:42:65":3,"s:43:0:43:80":4,"s:44:0:44:77":5,"s:45:0:45:42":6,"s:46:0:46:31":7,"s:47:0:47:33":8,"s:48:0:48:38":9,"s:49:0:49:48":10,"s:50:0:50:78":11,"s:51:0:56:2":12,"s:57:0:57:70":13,"s:58:0:58:68":14},"fnNames":{}}}
,"C:\\Users\\Karl\\OneDrive\\Desktop\\ClassFlow\\backend\\src\\routes\\classRoutes.js": {"path":"C:\\Users\\Karl\\OneDrive\\Desktop\\ClassFlow\\backend\\src\\routes\\classRoutes.js","statementMap":{"0":{"start":{"line":13,"column":15},"end":{"line":13,"column":31}},"1":{"start":{"line":15,"column":0},"end":{"line":15,"column":61}},"2":{"start":{"line":16,"column":0},"end":{"line":22,"column":2}},"3":{"start":{"line":23,"column":0},"end":{"line":23,"column":78}},"4":{"start":{"line":24,"column":0},"end":{"line":29,"column":2}}},"fnMap":{},"branchMap":{},"s":{"0":2,"1":2,"2":2,"3":2,"4":2},"f":{},"b":{},"meta":{"lastBranch":0,"lastFunction":0,"lastStatement":5,"seen":{"s:13:15:13:31":0,"s:15:0:15:61":1,"s:16:0:22:2":2,"s:23:0:23:78":3,"s:24:0:29:2":4},"fnNames":{}}}
,"C:\\Users\\Karl\\OneDrive\\Desktop\\ClassFlow\\backend\\src\\routes\\enrollmentRoutes.js": {"path":"C:\\Users\\Karl\\OneDrive\\Desktop\\ClassFlow\\backend\\src\\routes\\enrollmentRoutes.js","statementMap":{"0":{"start":{"line":14,"column":15},"end":{"line":14,"column":31}},"1":{"start":{"line":16,"column":0},"end":{"line":16,"column":77}},"2":{"start":{"line":17,"column":0},"end":{"line":22,"column":2}},"3":{"start":{"line":23,"column":0},"end":{"line":28,"column":2}},"4":{"start":{"line":29,"column":0},"end":{"line":29,"column":78}},"5":{"start":{"line":31,"column":0},"end":{"line":31,"column":80}},"6":{"start":{"line":33,"column":0},"end":{"line":38,"column":2}},"7":{"start":{"line":40,"column":0},"end":{"line":45,"column":2}}},"fnMap":{},"branchMap":{},"s":{"0":2,"1":2,"2":2,"3":2,"4":2,"5":2,"6":2,"7":2},"f":{},"b":{},"meta":{"lastBranch":0,"lastFunction":0,"lastStatement":8,"seen":{"s:14:15:14:31":0,"s:16:0:16:77":1,"s:17:0:22:2":2,"s:23:0:28:2":3,"s:29:0:29:78":4,"s:31:0:31:80":5,"s:33:0:38:2":6,"s:40:0:45:2":7},"fnNames":{}}}
,"C:\\Users\\Karl\\OneDrive\\Desktop\\ClassFlow\\backend\\src\\routes\\reportRoutes.js": {"path":"C:\\Users\\Karl\\OneDrive\\Desktop\\ClassFlow\\backend\\src\\routes\\reportRoutes.js","statementMap":{"0":{"start":{"line":9,"column":15},"end":{"line":9,"column":31}},"1":{"start":{"line":11,"column":0},"end":{"line":11,"column":67}},"2":{"start":{"line":12,"column":0},"end":{"line":12,"column":73}}},"fnMap":{},"branchMap":{},"s":{"0":2,"1":2,"2":2},"f":{},"b":{},"meta":{"lastBranch":0,"lastFunction":0,"lastStatement":3,"seen":{"s:9:15:9:31":0,"s:11:0:11:67":1,"s:12:0:12:73":2},"fnNames":{}}}
,"C:\\Users\\Karl\\OneDrive\\Desktop\\ClassFlow\\backend\\src\\routes\\submissionRoutes.js": {"path":"C:\\Users\\Karl\\OneDrive\\Desktop\\ClassFlow\\backend\\src\\routes\\submissionRoutes.js","statementMap":{"0":{"start":{"line":21,"column":15},"end":{"line":21,"column":31}},"1":{"start":{"line":23,"column":0},"end":{"line":28,"column":2}},"2":{"start":{"line":30,"column":0},"end":{"line":35,"column":2}},"3":{"start":{"line":37,"column":0},"end":{"line":44,"column":2}},"4":{"start":{"line":46,"column":0},"end":{"line":51,"column":2}},"5":{"start":{"line":53,"column":0},"end":{"line":61,"column":2}},"6":{"start":{"line":63,"column":0},"end":{"line":71,"column":2}}},"fnMap":{},"branchMap":{},"s":{"0":2,"1":2,"2":2,"3":2,"4":2,"5":2,"6":2},"f":{},"b":{},"meta":{"lastBranch":0,"lastFunction":0,"lastStatement":7,"seen":{"s:21:15:21:31":0,"s:23:0:28:2":1,"s:30:0:35:2":2,"s:37:0:44:2":3,"s:46:0:51:2":4,"s:53:0:61:2":5,"s:63:0:71:2":6},"fnNames":{}}}
,"C:\\Users\\Karl\\OneDrive\\Desktop\\ClassFlow\\backend\\src\\schemas\\assignmentSchema.js": {"path":"C:\\Users\\Karl\\OneDrive\\Desktop\\ClassFlow\\backend\\src\\schemas\\assignmentSchema.js","statementMap":{"0":{"start":{"line":3,"column":20},"end":{"line":12,"column":1}},"1":{"start":{"line":4,"column":29},"end":{"line":4,"column":57}},"2":{"start":{"line":5,"column":15},"end":{"line":5,"column":55}},"3":{"start":{"line":7,"column":2},"end":{"line":11,"column":4}},"4":{"start":{"line":14,"column":38},"end":{"line":32,"column":11}},"5":{"start":{"line":34,"column":44},"end":{"line":38,"column":11}}},"fnMap":{"0":{"name":"(anonymous_0)","decl":{"start":{"line":3,"column":20},"end":{"line":3,"column":21}},"loc":{"start":{"line":3,"column":31},"end":{"line":12,"column":1}},"line":3}},"branchMap":{"0":{"loc":{"start":{"line":8,"column":4},"end":{"line":10,"column":29}},"type":"binary-expr","locations":[{"start":{"line":8,"column":4},"end":{"line":8,"column":34}},{"start":{"line":9,"column":4},"end":{"line":9,"column":36}},{"start":{"line":10,"column":4},"end":{"line":10,"column":29}}],"line":8}},"s":{"0":3,"1":2,"2":2,"3":2,"4":3,"5":3},"f":{"0":2},"b":{"0":[2,2,1]},"meta":{"lastBranch":1,"lastFunction":1,"lastStatement":6,"seen":{"s:3:20:12:1":0,"f:3:20:3:21":0,"s:4:29:4:57":1,"s:5:15:5:55":2,"s:7:2:11:4":3,"b:8:4:8:34:9:4:9:36:10:4:10:29":0,"s:14:38:32:11":4,"s:34:44:38:11":5},"fnNames":{}}}
,"C:\\Users\\Karl\\OneDrive\\Desktop\\ClassFlow\\backend\\src\\schemas\\authSchema.js": {"path":"C:\\Users\\Karl\\OneDrive\\Desktop\\ClassFlow\\backend\\src\\schemas\\authSchema.js","statementMap":{"0":{"start":{"line":3,"column":30},"end":{"line":16,"column":11}},"1":{"start":{"line":18,"column":33},"end":{"line":18,"column":47}},"2":{"start":{"line":20,"column":36},"end":{"line":24,"column":11}},"3":{"start":{"line":26,"column":35},"end":{"line":39,"column":4}},"4":{"start":{"line":36,"column":20},"end":{"line":36,"column":58}},"5":{"start":{"line":41,"column":27},"end":{"line":44,"column":2}},"6":{"start":{"line":46,"column":29},"end":{"line":60,"column":11}},"7":{"start":{"line":62,"column":36},"end":{"line":73,"column":11}}},"fnMap":{"0":{"name":"(anonymous_0)","decl":{"start":{"line":36,"column":10},"end":{"line":36,"column":11}},"loc":{"start":{"line":36,"column":20},"end":{"line":36,"column":58}},"line":36}},"branchMap":{},"s":{"0":3,"1":3,"2":3,"3":3,"4":1,"5":3,"6":3,"7":3},"f":{"0":1},"b":{},"meta":{"lastBranch":0,"lastFunction":1,"lastStatement":8,"seen":{"s:3:30:16:11":0,"s:18:33:18:47":1,"s:20:36:24:11":2,"s:26:35:39:4":3,"f:36:10:36:11":0,"s:36:20:36:58":4,"s:41:27:44:2":5,"s:46:29:60:11":6,"s:62:36:73:11":7},"fnNames":{}}}
,"C:\\Users\\Karl\\OneDrive\\Desktop\\ClassFlow\\backend\\src\\schemas\\classSchema.js": {"path":"C:\\Users\\Karl\\OneDrive\\Desktop\\ClassFlow\\backend\\src\\schemas\\classSchema.js","statementMap":{"0":{"start":{"line":3,"column":17},"end":{"line":11,"column":1}},"1":{"start":{"line":13,"column":20},"end":{"line":13,"column":47}},"2":{"start":{"line":15,"column":33},"end":{"line":56,"column":4}},"3":{"start":{"line":31,"column":27},"end":{"line":31,"column":45}},"4":{"start":{"line":49,"column":4},"end":{"line":55,"column":5}},"5":{"start":{"line":50,"column":6},"end":{"line":54,"column":9}}},"fnMap":{"0":{"name":"(anonymous_0)","decl":{"start":{"line":31,"column":17},"end":{"line":31,"column":18}},"loc":{"start":{"line":31,"column":27},"end":{"line":31,"column":45}},"line":31},"1":{"name":"(anonymous_1)","decl":{"start":{"line":48,"column":15},"end":{"line":48,"column":16}},"loc":{"start":{"line":48,"column":35},"end":{"line":56,"column":3}},"line":48}},"branchMap":{"0":{"loc":{"start":{"line":49,"column":4},"end":{"line":55,"column":5}},"type":"if","locations":[{"start":{"line":49,"column":4},"end":{"line":55,"column":5}},{"start":{},"end":{}}],"line":49}},"s":{"0":3,"1":3,"2":3,"3":3,"4":2,"5":1},"f":{"0":3,"1":2},"b":{"0":[1,1]},"meta":{"lastBranch":1,"lastFunction":2,"lastStatement":6,"seen":{"s:3:17:11:1":0,"s:13:20:13:47":1,"s:15:33:56:4":2,"f:31:17:31:18":0,"s:31:27:31:45":3,"f:48:15:48:16":1,"b:49:4:55:5:undefined:undefined:undefined:undefined":0,"s:49:4:55:5":4,"s:50:6:54:9":5},"fnNames":{}}}
,"C:\\Users\\Karl\\OneDrive\\Desktop\\ClassFlow\\backend\\src\\schemas\\submissionSchema.js": {"path":"C:\\Users\\Karl\\OneDrive\\Desktop\\ClassFlow\\backend\\src\\schemas\\submissionSchema.js","statementMap":{"0":{"start":{"line":3,"column":19},"end":{"line":3,"column":60}},"1":{"start":{"line":4,"column":21},"end":{"line":18,"column":1}},"2":{"start":{"line":6,"column":4},"end":{"line":9,"column":5}},"3":{"start":{"line":7,"column":27},"end":{"line":7,"column":39}},"4":{"start":{"line":8,"column":6},"end":{"line":8,"column":53}},"5":{"start":{"line":11,"column":4},"end":{"line":11,"column":57}},"6":{"start":{"line":20,"column":37},"end":{"line":30,"column":11}},"7":{"start":{"line":32,"column":43},"end":{"line":38,"column":11}},"8":{"start":{"line":40,"column":38},"end":{"line":48,"column":11}},"9":{"start":{"line":50,"column":44},"end":{"line":54,"column":11}}},"fnMap":{"0":{"name":"(anonymous_0)","decl":{"start":{"line":5,"column":2},"end":{"line":5,"column":3}},"loc":{"start":{"line":5,"column":13},"end":{"line":12,"column":3}},"line":5}},"branchMap":{"0":{"loc":{"start":{"line":6,"column":4},"end":{"line":9,"column":5}},"type":"if","locations":[{"start":{"line":6,"column":4},"end":{"line":9,"column":5}},{"start":{},"end":{}}],"line":6},"1":{"loc":{"start":{"line":8,"column":13},"end":{"line":8,"column":52}},"type":"cond-expr","locations":[{"start":{"line":8,"column":28},"end":{"line":8,"column":40}},{"start":{"line":8,"column":43},"end":{"line":8,"column":52}}],"line":8},"2":{"loc":{"start":{"line":11,"column":11},"end":{"line":11,"column":56}},"type":"cond-expr","locations":[{"start":{"line":11,"column":39},"end":{"line":11,"column":44}},{"start":{"line":11,"column":47},"end":{"line":11,"column":56}}],"line":11}},"s":{"0":3,"1":3,"2":2,"3":1,"4":1,"5":1,"6":3,"7":3,"8":3,"9":3},"f":{"0":2},"b":{"0":[1,1],"1":[1,0],"2":[1,0]},"meta":{"lastBranch":3,"lastFunction":1,"lastStatement":10,"seen":{"s:3:19:3:60":0,"s:4:21:18:1":1,"f:5:2:5:3":0,"b:6:4:9:5:undefined:undefined:undefined:undefined":0,"s:6:4:9:5":2,"s:7:27:7:39":3,"s:8:6:8:53":4,"b:8:28:8:40:8:43:8:52":1,"s:11:4:11:57":5,"b:11:39:11:44:11:47:11:56":2,"s:20:37:30:11":6,"s:32:43:38:11":7,"s:40:38:48:11":8,"s:50:44:54:11":9},"fnNames":{}}}
,"C:\\Users\\Karl\\OneDrive\\Desktop\\ClassFlow\\backend\\src\\utils\\AppError.js": {"path":"C:\\Users\\Karl\\OneDrive\\Desktop\\ClassFlow\\backend\\src\\utils\\AppError.js","statementMap":{"0":{"start":{"line":3,"column":4},"end":{"line":3,"column":19}},"1":{"start":{"line":4,"column":4},"end":{"line":4,"column":33}},"2":{"start":{"line":6,"column":4},"end":{"line":6,"column":52}}},"fnMap":{"0":{"name":"constructor","decl":{"start":{"line":2,"column":2},"end":{"line":2,"column":13}},"loc":{"start":{"line":2,"column":35},"end":{"line":7,"column":3}},"line":2}},"branchMap":{},"s":{"0":7,"1":7,"2":7},"f":{"0":7},"b":{},"meta":{"lastBranch":0,"lastFunction":1,"lastStatement":3,"seen":{"f:2:2:2:13":0,"s:3:4:3:19":0,"s:4:4:4:33":1,"s:6:4:6:52":2},"fnNames":{}}}
,"C:\\Users\\Karl\\OneDrive\\Desktop\\ClassFlow\\backend\\src\\utils\\asyncHandler.js": {"path":"C:\\Users\\Karl\\OneDrive\\Desktop\\ClassFlow\\backend\\src\\utils\\asyncHandler.js","statementMap":{"0":{"start":{"line":1,"column":21},"end":{"line":3,"column":1}},"1":{"start":{"line":1,"column":29},"end":{"line":3,"column":1}},"2":{"start":{"line":2,"column":2},"end":{"line":2,"column":50}}},"fnMap":{"0":{"name":"(anonymous_0)","decl":{"start":{"line":1,"column":21},"end":{"line":1,"column":22}},"loc":{"start":{"line":1,"column":29},"end":{"line":3,"column":1}},"line":1},"1":{"name":"(anonymous_1)","decl":{"start":{"line":1,"column":29},"end":{"line":1,"column":30}},"loc":{"start":{"line":1,"column":49},"end":{"line":3,"column":1}},"line":1}},"branchMap":{},"s":{"0":4,"1":87,"2":9},"f":{"0":87,"1":9},"b":{},"meta":{"lastBranch":0,"lastFunction":2,"lastStatement":3,"seen":{"s:1:21:3:1":0,"f:1:21:1:22":0,"s:1:29:3:1":1,"f:1:29:1:30":1,"s:2:2:2:50":2},"fnNames":{}}}
,"C:\\Users\\Karl\\OneDrive\\Desktop\\ClassFlow\\backend\\src\\utils\\hashToken.js": {"path":"C:\\Users\\Karl\\OneDrive\\Desktop\\ClassFlow\\backend\\src\\utils\\hashToken.js","statementMap":{"0":{"start":{"line":3,"column":18},"end":{"line":5,"column":1}},"1":{"start":{"line":4,"column":2},"end":{"line":4,"column":65}}},"fnMap":{"0":{"name":"(anonymous_0)","decl":{"start":{"line":3,"column":18},"end":{"line":3,"column":19}},"loc":{"start":{"line":3,"column":29},"end":{"line":5,"column":1}},"line":3}},"branchMap":{},"s":{"0":3,"1":3},"f":{"0":3},"b":{},"meta":{"lastBranch":0,"lastFunction":1,"lastStatement":2,"seen":{"s:3:18:5:1":0,"f:3:18:3:19":0,"s:4:2:4:65":1},"fnNames":{}}}
,"C:\\Users\\Karl\\OneDrive\\Desktop\\ClassFlow\\backend\\src\\utils\\mailer.js": {"path":"C:\\Users\\Karl\\OneDrive\\Desktop\\ClassFlow\\backend\\src\\utils\\mailer.js","statementMap":{"0":{"start":{"line":5,"column":23},"end":{"line":19,"column":1}},"1":{"start":{"line":6,"column":2},"end":{"line":16,"column":3}},"2":{"start":{"line":7,"column":4},"end":{"line":15,"column":7}},"3":{"start":{"line":18,"column":2},"end":{"line":18,"column":21}},"4":{"start":{"line":21,"column":38},"end":{"line":29,"column":1}},"5":{"start":{"line":22,"column":2},"end":{"line":28,"column":5}},"6":{"start":{"line":31,"column":51},"end":{"line":39,"column":1}},"7":{"start":{"line":32,"column":2},"end":{"line":38,"column":5}}},"fnMap":{"0":{"name":"(anonymous_0)","decl":{"start":{"line":5,"column":23},"end":{"line":5,"column":24}},"loc":{"start":{"line":5,"column":29},"end":{"line":19,"column":1}},"line":5},"1":{"name":"(anonymous_1)","decl":{"start":{"line":21,"column":38},"end":{"line":21,"column":43}},"loc":{"start":{"line":21,"column":69},"end":{"line":29,"column":1}},"line":21},"2":{"name":"(anonymous_2)","decl":{"start":{"line":31,"column":51},"end":{"line":31,"column":56}},"loc":{"start":{"line":31,"column":72},"end":{"line":39,"column":1}},"line":31}},"branchMap":{"0":{"loc":{"start":{"line":6,"column":2},"end":{"line":16,"column":3}},"type":"if","locations":[{"start":{"line":6,"column":2},"end":{"line":16,"column":3}},{"start":{},"end":{}}],"line":6},"1":{"loc":{"start":{"line":9,"column":19},"end":{"line":9,"column":47}},"type":"binary-expr","locations":[{"start":{"line":9,"column":19},"end":{"line":9,"column":40}},{"start":{"line":9,"column":44},"end":{"line":9,"column":47}}],"line":9}},"s":{"0":2,"1":0,"2":0,"3":0,"4":2,"5":0,"6":2,"7":0},"f":{"0":0,"1":0,"2":0},"b":{"0":[0,0],"1":[0,0]},"meta":{"lastBranch":2,"lastFunction":3,"lastStatement":8,"seen":{"s:5:23:19:1":0,"f:5:23:5:24":0,"b:6:2:16:3:undefined:undefined:undefined:undefined":0,"s:6:2:16:3":1,"s:7:4:15:7":2,"b:9:19:9:40:9:44:9:47":1,"s:18:2:18:21":3,"s:21:38:29:1":4,"f:21:38:21:43":1,"s:22:2:28:5":5,"s:31:51:39:1":6,"f:31:51:31:56":2,"s:32:2:38:5":7},"fnNames":{}}}
,"C:\\Users\\Karl\\OneDrive\\Desktop\\ClassFlow\\backend\\src\\utils\\schedule.js": {"path":"C:\\Users\\Karl\\OneDrive\\Desktop\\ClassFlow\\backend\\src\\utils\\schedule.js","statementMap":{"0":{"start":{"line":1,"column":17},"end":{"line":9,"column":1}},"1":{"start":{"line":11,"column":33},"end":{"line":38,"column":1}},"2":{"start":{"line":16,"column":2},"end":{"line":18,"column":3}},"3":{"start":{"line":17,"column":4},"end":{"line":17,"column":71}},"4":{"start":{"line":20,"column":21},"end":{"line":20,"column":48}},"5":{"start":{"line":21,"column":2},"end":{"line":23,"column":3}},"6":{"start":{"line":21,"column":31},"end":{"line":21,"column":54}},"7":{"start":{"line":22,"column":4},"end":{"line":22,"column":61}},"8":{"start":{"line":25,"column":2},"end":{"line":27,"column":3}},"9":{"start":{"line":26,"column":4},"end":{"line":26,"column":61}},"10":{"start":{"line":29,"column":2},"end":{"line":31,"column":3}},"11":{"start":{"line":30,"column":4},"end":{"line":30,"column":74}},"12":{"start":{"line":33,"column":2},"end":{"line":37,"column":4}},"13":{"start":{"line":34,"column":44},"end":{"line":34,"column":68}}},"fnMap":{"0":{"name":"(anonymous_0)","decl":{"start":{"line":11,"column":33},"end":{"line":11,"column":34}},"loc":{"start":{"line":15,"column":6},"end":{"line":38,"column":1}},"line":15},"1":{"name":"(anonymous_1)","decl":{"start":{"line":21,"column":22},"end":{"line":21,"column":23}},"loc":{"start":{"line":21,"column":31},"end":{"line":21,"column":54}},"line":21},"2":{"name":"(anonymous_2)","decl":{"start":{"line":34,"column":35},"end":{"line":34,"column":36}},"loc":{"start":{"line":34,"column":44},"end":{"line":34,"column":68}},"line":34}},"branchMap":{"0":{"loc":{"start":{"line":16,"column":2},"end":{"line":18,"column":3}},"type":"if","locations":[{"start":{"line":16,"column":2},"end":{"line":18,"column":3}},{"start":{},"end":{}}],"line":16},"1":{"loc":{"start":{"line":16,"column":6},"end":{"line":16,"column":65}},"type":"binary-expr","locations":[{"start":{"line":16,"column":6},"end":{"line":16,"column":35}},{"start":{"line":16,"column":39},"end":{"line":16,"column":65}}],"line":16},"2":{"loc":{"start":{"line":21,"column":2},"end":{"line":23,"column":3}},"type":"if","locations":[{"start":{"line":21,"column":2},"end":{"line":23,"column":3}},{"start":{},"end":{}}],"line":21},"3":{"loc":{"start":{"line":25,"column":2},"end":{"line":27,"column":3}},"type":"if","locations":[{"start":{"line":25,"column":2},"end":{"line":27,"column":3}},{"start":{},"end":{}}],"line":25},"4":{"loc":{"start":{"line":25,"column":6},"end":{"line":25,"column":48}},"type":"binary-expr","locations":[{"start":{"line":25,"column":6},"end":{"line":25,"column":26}},{"start":{"line":25,"column":30},"end":{"line":25,"column":48}}],"line":25},"5":{"loc":{"start":{"line":29,"column":2},"end":{"line":31,"column":3}},"type":"if","locations":[{"start":{"line":29,"column":2},"end":{"line":31,"column":3}},{"start":{},"end":{}}],"line":29}},"s":{"0":4,"1":4,"2":9,"3":1,"4":8,"5":8,"6":12,"7":1,"8":7,"9":2,"10":5,"11":2,"12":3,"13":21},"f":{"0":9,"1":12,"2":21},"b":{"0":[1,8],"1":[9,9],"2":[1,7],"3":[2,5],"4":[7,6],"5":[2,3]},"meta":{"lastBranch":6,"lastFunction":3,"lastStatement":14,"seen":{"s:1:17:9:1":0,"s:11:33:38:1":1,"f:11:33:11:34":0,"b:16:2:18:3:undefined:undefined:undefined:undefined":0,"s:16:2:18:3":2,"b:16:6:16:35:16:39:16:65":1,"s:17:4:17:71":3,"s:20:21:20:48":4,"b:21:2:23:3:undefined:undefined:undefined:undefined":2,"s:21:2:23:3":5,"f:21:22:21:23":1,"s:21:31:21:54":6,"s:22:4:22:61":7,"b:25:2:27:3:undefined:undefined:undefined:undefined":3,"s:25:2:27:3":8,"b:25:6:25:26:25:30:25:48":4,"s:26:4:26:61":9,"b:29:2:31:3:undefined:undefined:undefined:undefined":5,"s:29:2:31:3":10,"s:30:4:30:74":11,"s:33:2:37:4":12,"f:34:35:34:36":2,"s:34:44:34:68":13},"fnNames":{}}}
}
